[2026-01-03 15:51:18] Aktives Profil gesetzt & DecryptCache geleert: C:\Users\alexa\Documents\Euro Truck Simulator 2\profiles\5A65726F546F4865726F
[2026-01-03 15:51:18] Aktiver Save gesetzt: C:\Users\alexa\Documents\Euro Truck Simulator 2\profiles\5A65726F546F4865726F\save\quicksave\info.sii
[2026-01-03 15:51:18] Profil geladen: C:\Users\alexa\Documents\Euro Truck Simulator 2\profiles\5A65726F546F4865726F | Save: C:\Users\alexa\Documents\Euro Truck Simulator 2\profiles\5A65726F546F4865726F\save\quicksave\info.sii
[2026-01-03 15:51:18] decrypt_if_needed: C:\Users\alexa\Documents\Euro Truck Simulator 2\profiles\5A65726F546F4865726F\save\0\info.sii
[2026-01-03 15:51:18] decrypt_if_needed: C:\Users\alexa\Documents\Euro Truck Simulator 2\profiles\5A65726F546F4865726F\save\1\info.sii
[2026-01-03 15:51:18] decrypt_if_needed: C:\Users\alexa\Documents\Euro Truck Simulator 2\profiles\5A65726F546F4865726F\save\2\info.sii
[2026-01-03 15:51:18] decrypt_if_needed: C:\Users\alexa\Documents\Euro Truck Simulator 2\profiles\5A65726F546F4865726F\save\3\info.sii
[2026-01-03 15:51:18] decrypt_if_needed: C:\Users\alexa\Documents\Euro Truck Simulator 2\profiles\5A65726F546F4865726F\save\4\info.sii
[2026-01-03 15:51:18] decrypt_if_needed: C:\Users\alexa\Documents\Euro Truck Simulator 2\profiles\5A65726F546F4865726F\save\5\info.sii
[2026-01-03 15:51:18] decrypt_if_needed: C:\Users\alexa\Documents\Euro Truck Simulator 2\profiles\5A65726F546F4865726F\save\6\info.sii
[2026-01-03 15:51:18] decrypt_if_needed: C:\Users\alexa\Documents\Euro Truck Simulator 2\profiles\5A65726F546F4865726F\save\autosave\info.sii
[2026-01-03 15:51:18] decrypt_if_needed: C:\Users\alexa\Documents\Euro Truck Simulator 2\profiles\5A65726F546F4865726F\save\quicksave\info.sii
[2026-01-03 15:51:18] Lese globale Config
[2026-01-03 15:51:18] Gefundene Daten: max_convoy_size Some(128), traffic Some(1), developer Some(1), console Some(1)
[2026-01-03 15:51:18] Lese Config aus Profilpfad: C:\Users\alexa\Documents\Euro Truck Simulator 2\profiles\5A65726F546F4865726F
[2026-01-03 15:51:18] decrypt_if_needed: C:\Users\alexa\Documents\Euro Truck Simulator 2\profiles\5A65726F546F4865726F\config.cfg
[2026-01-03 15:51:18] Gefundene Daten: uset g_simple_parking_doubles Some(1)
[2026-01-03 15:51:19] Starte Profil-Suche…
[2026-01-03 15:51:19] decrypt_if_needed: C:\Users\alexa\Documents\Euro Truck Simulator 2\profiles\3132\profile.sii
[2026-01-03 15:51:19] Profil gefunden: C:\Users\alexa\Documents\Euro Truck Simulator 2\profiles\3132 (12)
[2026-01-03 15:51:19] decrypt_if_needed: C:\Users\alexa\Documents\Euro Truck Simulator 2\profiles\33302054616765204D422054455354\profile.sii
[2026-01-03 15:51:19] Profil gefunden: C:\Users\alexa\Documents\Euro Truck Simulator 2\profiles\33302054616765204D422054455354 (30 Tage MB TEST)
[2026-01-03 15:51:19] decrypt_if_needed: C:\Users\alexa\Documents\Euro Truck Simulator 2\profiles\44616E6765726F7573526F616473\profile.sii
[2026-01-03 15:51:19] Profil gefunden: C:\Users\alexa\Documents\Euro Truck Simulator 2\profiles\44616E6765726F7573526F616473 (DangerousRoads)
[2026-01-03 15:51:19] decrypt_if_needed: C:\Users\alexa\Documents\Euro Truck Simulator 2\profiles\4475706C69636174652074657374\profile.sii
[2026-01-03 15:51:19] Profil gefunden: C:\Users\alexa\Documents\Euro Truck Simulator 2\profiles\4475706C69636174652074657374 (Duplicate test)
[2026-01-03 15:51:19] decrypt_if_needed: C:\Users\alexa\Documents\Euro Truck Simulator 2\profiles\4C657473506C6179\profile.sii
[2026-01-03 15:51:19] Profil gefunden: C:\Users\alexa\Documents\Euro Truck Simulator 2\profiles\4C657473506C6179 (LetsPlay)
[2026-01-03 15:51:19] decrypt_if_needed: C:\Users\alexa\Documents\Euro Truck Simulator 2\profiles\4D4F442054657374204163636F756E74\profile.sii
[2026-01-03 15:51:19] Profil gefunden: C:\Users\alexa\Documents\Euro Truck Simulator 2\profiles\4D4F442054657374204163636F756E74 (MOD Test Account)
[2026-01-03 15:51:19] decrypt_if_needed: C:\Users\alexa\Documents\Euro Truck Simulator 2\profiles\546F6F6C2074657374\profile.sii
[2026-01-03 15:51:19] Profil gefunden: C:\Users\alexa\Documents\Euro Truck Simulator 2\profiles\546F6F6C2074657374 (Tool test)
[2026-01-03 15:51:19] decrypt_if_needed: C:\Users\alexa\Documents\Euro Truck Simulator 2\profiles\547275636B20546F6F6C2054657374\profile.sii
[2026-01-03 15:51:19] Profil gefunden: C:\Users\alexa\Documents\Euro Truck Simulator 2\profiles\547275636B20546F6F6C2054657374 (Truck Tool Test)
[2026-01-03 15:51:19] decrypt_if_needed: C:\Users\alexa\Documents\Euro Truck Simulator 2\profiles\547275636B6572734D50204E4555\profile.sii
[2026-01-03 15:51:19] Profil gefunden: C:\Users\alexa\Documents\Euro Truck Simulator 2\profiles\547275636B6572734D50204E4555 (TruckersMP NEU)
[2026-01-03 15:51:19] decrypt_if_needed: C:\Users\alexa\Documents\Euro Truck Simulator 2\profiles\5A65726F546F4865726F\profile.sii
[2026-01-03 15:51:19] Profil gefunden: C:\Users\alexa\Documents\Euro Truck Simulator 2\profiles\5A65726F546F4865726F (ZeroToHero)
[2026-01-03 15:51:19] decrypt_if_needed: C:\Users\alexa\Documents\Euro Truck Simulator 2\profiles\784465724C6965666572616E74\profile.sii
[2026-01-03 15:51:19] Profil gefunden: C:\Users\alexa\Documents\Euro Truck Simulator 2\profiles\784465724C6965666572616E74 (xDerLieferant)
[2026-01-03 15:51:19] Profil-Suche abgeschlossen. Gefunden: 11
[2026-01-03 15:51:19] Aktives Profil gesetzt & DecryptCache geleert: C:\Users\alexa\Documents\Euro Truck Simulator 2\profiles\5A65726F546F4865726F
[2026-01-03 15:51:19] Aktiver Save gesetzt: C:\Users\alexa\Documents\Euro Truck Simulator 2\profiles\5A65726F546F4865726F\save\quicksave\info.sii
[2026-01-03 15:51:19] Profil geladen: C:\Users\alexa\Documents\Euro Truck Simulator 2\profiles\5A65726F546F4865726F | Save: C:\Users\alexa\Documents\Euro Truck Simulator 2\profiles\5A65726F546F4865726F\save\quicksave\info.sii
[2026-01-03 15:51:19] decrypt_if_needed: C:\Users\alexa\Documents\Euro Truck Simulator 2\profiles\5A65726F546F4865726F\save\0\info.sii
[2026-01-03 15:51:19] decrypt_if_needed: C:\Users\alexa\Documents\Euro Truck Simulator 2\profiles\5A65726F546F4865726F\save\1\info.sii
[2026-01-03 15:51:19] decrypt_if_needed: C:\Users\alexa\Documents\Euro Truck Simulator 2\profiles\5A65726F546F4865726F\save\2\info.sii
[2026-01-03 15:51:19] decrypt_if_needed: C:\Users\alexa\Documents\Euro Truck Simulator 2\profiles\5A65726F546F4865726F\save\3\info.sii
[2026-01-03 15:51:19] decrypt_if_needed: C:\Users\alexa\Documents\Euro Truck Simulator 2\profiles\5A65726F546F4865726F\save\4\info.sii
[2026-01-03 15:51:19] decrypt_if_needed: C:\Users\alexa\Documents\Euro Truck Simulator 2\profiles\5A65726F546F4865726F\save\5\info.sii
[2026-01-03 15:51:19] decrypt_if_needed: C:\Users\alexa\Documents\Euro Truck Simulator 2\profiles\5A65726F546F4865726F\save\6\info.sii
[2026-01-03 15:51:19] decrypt_if_needed: C:\Users\alexa\Documents\Euro Truck Simulator 2\profiles\5A65726F546F4865726F\save\autosave\info.sii
[2026-01-03 15:51:19] decrypt_if_needed: C:\Users\alexa\Documents\Euro Truck Simulator 2\profiles\5A65726F546F4865726F\save\quicksave\info.sii
[2026-01-03 15:51:19] Lese globale Config
[2026-01-03 15:51:19] Gefundene Daten: max_convoy_size Some(128), traffic Some(1), developer Some(1), console Some(1)
[2026-01-03 15:51:19] Lese Config aus Profilpfad: C:\Users\alexa\Documents\Euro Truck Simulator 2\profiles\5A65726F546F4865726F
[2026-01-03 15:51:19] decrypt_if_needed: C:\Users\alexa\Documents\Euro Truck Simulator 2\profiles\5A65726F546F4865726F\config.cfg
[2026-01-03 15:51:19] Gefundene Daten: uset g_simple_parking_doubles Some(1)
[2026-01-03 15:51:24] Aktiver Save gesetzt: C:\Users\alexa\Documents\Euro Truck Simulator 2\profiles\5A65726F546F4865726F\save\6
[2026-01-03 15:51:24] Lese alle Speicherdaten aus: "C:\\Users\\alexa\\Documents\\Euro Truck Simulator 2\\profiles\\5A65726F546F4865726F\\save\\6\\game.sii"
[2026-01-03 15:51:24] decrypt_if_needed: C:\Users\alexa\Documents\Euro Truck Simulator 2\profiles\5A65726F546F4865726F\save\6\game.sii
[2026-01-03 15:51:24] Gefundene Daten: Geld: Some(66952), XP: Some(159766), Recruitments: None, dealers: None, visited_cities: None
[2026-01-03 15:51:24] -------------------------------------------
[2026-01-03 15:51:24] Starte quicksave_game_info()
[2026-01-03 15:51:24] -------------------------------------------
[2026-01-03 15:51:24] Profil: C:\Users\alexa\Documents\Euro Truck Simulator 2\profiles\5A65726F546F4865726F
[2026-01-03 15:51:24] Save: C:\Users\alexa\Documents\Euro Truck Simulator 2\profiles\5A65726F546F4865726F\save\6
[2026-01-03 15:51:24] Pfad: "C:\\Users\\alexa\\Documents\\Euro Truck Simulator 2\\profiles\\5A65726F546F4865726F\\save\\6\\game.sii"
[2026-01-03 15:51:24] decrypt_if_needed: C:\Users\alexa\Documents\Euro Truck Simulator 2\profiles\5A65726F546F4865726F\save\6\game.sii
[2026-01-03 15:51:24] Datei geladen. Parsing...
[2026-01-03 15:51:24] Player ID = Some("_nameless.272.8ee1.b8b0")
[2026-01-03 15:51:24] my_truck = Some("_nameless.272.91eb.1150")
[2026-01-03 15:51:24] my_trailer = Some("_nameless.272.8ce9.c0f0")
[2026-01-03 15:51:24] XP = Some(159766)
[2026-01-03 15:51:24] Bank ID = Some("_nameless.272.91f5.4730")
[2026-01-03 15:51:24] Money geladen: Some(66952)
[2026-01-03 15:51:24] Skills geladen
[2026-01-03 15:51:25] 39 Trucks gefunden
[2026-01-03 15:51:25] 0 Trailer gefunden
[2026-01-03 15:51:25] Lese Config aus Profilpfad: C:\Users\alexa\Documents\Euro Truck Simulator 2\profiles\5A65726F546F4865726F
[2026-01-03 15:51:25] decrypt_if_needed: C:\Users\alexa\Documents\Euro Truck Simulator 2\profiles\5A65726F546F4865726F\config.cfg
[2026-01-03 15:51:25] Gefundene Daten: uset g_simple_parking_doubles Some(1)
[2026-01-03 15:51:25] Lese globale Config
[2026-01-03 15:51:25] Gefundene Daten: max_convoy_size Some(128), traffic Some(1), developer Some(1), console Some(1)
[2026-01-03 15:51:25] get_player_truck: Profil C:\Users\alexa\Documents\Euro Truck Simulator 2\profiles\5A65726F546F4865726F
[2026-01-03 15:51:25] decrypt_if_needed: C:\Users\alexa\Documents\Euro Truck Simulator 2\profiles\5A65726F546F4865726F\save\6\game.sii
[2026-01-03 15:51:25] get_player_trailer: Profil C:\Users\alexa\Documents\Euro Truck Simulator 2\profiles\5A65726F546F4865726F
[2026-01-03 15:51:25] decrypt_if_needed: C:\Users\alexa\Documents\Euro Truck Simulator 2\profiles\5A65726F546F4865726F\save\6\game.sii
[2026-01-03 15:51:30] Repairing player trailer
[2026-01-03 15:51:30] decrypt_if_needed: C:\Users\alexa\Documents\Euro Truck Simulator 2\profiles\5A65726F546F4865726F\save\6\game.sii
[2026-01-03 15:51:30] get_player_trailer: Profil C:\Users\alexa\Documents\Euro Truck Simulator 2\profiles\5A65726F546F4865726F
[2026-01-03 15:51:30] decrypt_if_needed: C:\Users\alexa\Documents\Euro Truck Simulator 2\profiles\5A65726F546F4865726F\save\6\game.sii
[2026-01-03 15:51:40] Starte Profil-Suche…
[2026-01-03 15:51:40] decrypt_if_needed: C:\Users\alexa\Documents\Euro Truck Simulator 2\profiles\3132\profile.sii
[2026-01-03 15:51:40] Profil gefunden: C:\Users\alexa\Documents\Euro Truck Simulator 2\profiles\3132 (12)
[2026-01-03 15:51:40] decrypt_if_needed: C:\Users\alexa\Documents\Euro Truck Simulator 2\profiles\33302054616765204D422054455354\profile.sii
[2026-01-03 15:51:40] Profil gefunden: C:\Users\alexa\Documents\Euro Truck Simulator 2\profiles\33302054616765204D422054455354 (30 Tage MB TEST)
[2026-01-03 15:51:40] decrypt_if_needed: C:\Users\alexa\Documents\Euro Truck Simulator 2\profiles\44616E6765726F7573526F616473\profile.sii
[2026-01-03 15:51:40] Profil gefunden: C:\Users\alexa\Documents\Euro Truck Simulator 2\profiles\44616E6765726F7573526F616473 (DangerousRoads)
[2026-01-03 15:51:40] decrypt_if_needed: C:\Users\alexa\Documents\Euro Truck Simulator 2\profiles\4475706C69636174652074657374\profile.sii
[2026-01-03 15:51:40] Profil gefunden: C:\Users\alexa\Documents\Euro Truck Simulator 2\profiles\4475706C69636174652074657374 (Duplicate test)
[2026-01-03 15:51:40] decrypt_if_needed: C:\Users\alexa\Documents\Euro Truck Simulator 2\profiles\4C657473506C6179\profile.sii
[2026-01-03 15:51:40] Profil gefunden: C:\Users\alexa\Documents\Euro Truck Simulator 2\profiles\4C657473506C6179 (LetsPlay)
[2026-01-03 15:51:40] decrypt_if_needed: C:\Users\alexa\Documents\Euro Truck Simulator 2\profiles\4D4F442054657374204163636F756E74\profile.sii
[2026-01-03 15:51:40] Profil gefunden: C:\Users\alexa\Documents\Euro Truck Simulator 2\profiles\4D4F442054657374204163636F756E74 (MOD Test Account)
[2026-01-03 15:51:40] decrypt_if_needed: C:\Users\alexa\Documents\Euro Truck Simulator 2\profiles\546F6F6C2074657374\profile.sii
[2026-01-03 15:51:40] Profil gefunden: C:\Users\alexa\Documents\Euro Truck Simulator 2\profiles\546F6F6C2074657374 (Tool test)
[2026-01-03 15:51:40] decrypt_if_needed: C:\Users\alexa\Documents\Euro Truck Simulator 2\profiles\547275636B20546F6F6C2054657374\profile.sii
[2026-01-03 15:51:40] Profil gefunden: C:\Users\alexa\Documents\Euro Truck Simulator 2\profiles\547275636B20546F6F6C2054657374 (Truck Tool Test)
[2026-01-03 15:51:40] decrypt_if_needed: C:\Users\alexa\Documents\Euro Truck Simulator 2\profiles\547275636B6572734D50204E4555\profile.sii
[2026-01-03 15:51:40] Profil gefunden: C:\Users\alexa\Documents\Euro Truck Simulator 2\profiles\547275636B6572734D50204E4555 (TruckersMP NEU)
[2026-01-03 15:51:40] decrypt_if_needed: C:\Users\alexa\Documents\Euro Truck Simulator 2\profiles\5A65726F546F4865726F\profile.sii
[2026-01-03 15:51:40] Profil gefunden: C:\Users\alexa\Documents\Euro Truck Simulator 2\profiles\5A65726F546F4865726F (ZeroToHero)
[2026-01-03 15:51:40] decrypt_if_needed: C:\Users\alexa\Documents\Euro Truck Simulator 2\profiles\784465724C6965666572616E74\profile.sii
[2026-01-03 15:51:40] Profil gefunden: C:\Users\alexa\Documents\Euro Truck Simulator 2\profiles\784465724C6965666572616E74 (xDerLieferant)
[2026-01-03 15:51:40] Profil-Suche abgeschlossen. Gefunden: 11
[2026-01-03 15:51:40] Aktives Profil gesetzt & DecryptCache geleert: C:\Users\alexa\Documents\Euro Truck Simulator 2\profiles\5A65726F546F4865726F
[2026-01-03 15:51:40] Aktiver Save gesetzt: C:\Users\alexa\Documents\Euro Truck Simulator 2\profiles\5A65726F546F4865726F\save\quicksave\info.sii
[2026-01-03 15:51:40] Profil geladen: C:\Users\alexa\Documents\Euro Truck Simulator 2\profiles\5A65726F546F4865726F | Save: C:\Users\alexa\Documents\Euro Truck Simulator 2\profiles\5A65726F546F4865726F\save\quicksave\info.sii
[2026-01-03 15:51:40] decrypt_if_needed: C:\Users\alexa\Documents\Euro Truck Simulator 2\profiles\5A65726F546F4865726F\save\0\info.sii
[2026-01-03 15:51:40] decrypt_if_needed: C:\Users\alexa\Documents\Euro Truck Simulator 2\profiles\5A65726F546F4865726F\save\1\info.sii
[2026-01-03 15:51:40] decrypt_if_needed: C:\Users\alexa\Documents\Euro Truck Simulator 2\profiles\5A65726F546F4865726F\save\2\info.sii
[2026-01-03 15:51:40] decrypt_if_needed: C:\Users\alexa\Documents\Euro Truck Simulator 2\profiles\5A65726F546F4865726F\save\3\info.sii
[2026-01-03 15:51:40] decrypt_if_needed: C:\Users\alexa\Documents\Euro Truck Simulator 2\profiles\5A65726F546F4865726F\save\4\info.sii
[2026-01-03 15:51:40] decrypt_if_needed: C:\Users\alexa\Documents\Euro Truck Simulator 2\profiles\5A65726F546F4865726F\save\5\info.sii
[2026-01-03 15:51:40] decrypt_if_needed: C:\Users\alexa\Documents\Euro Truck Simulator 2\profiles\5A65726F546F4865726F\save\6\info.sii
[2026-01-03 15:51:40] decrypt_if_needed: C:\Users\alexa\Documents\Euro Truck Simulator 2\profiles\5A65726F546F4865726F\save\autosave\info.sii
[2026-01-03 15:51:40] decrypt_if_needed: C:\Users\alexa\Documents\Euro Truck Simulator 2\profiles\5A65726F546F4865726F\save\quicksave\info.sii
[2026-01-03 15:51:40] Lese globale Config
[2026-01-03 15:51:40] Gefundene Daten: max_convoy_size Some(128), traffic Some(1), developer Some(1), console Some(1)
[2026-01-03 15:51:40] Lese Config aus Profilpfad: C:\Users\alexa\Documents\Euro Truck Simulator 2\profiles\5A65726F546F4865726F
[2026-01-03 15:51:40] decrypt_if_needed: C:\Users\alexa\Documents\Euro Truck Simulator 2\profiles\5A65726F546F4865726F\config.cfg
[2026-01-03 15:51:40] Gefundene Daten: uset g_simple_parking_doubles Some(1)
[2026-01-03 15:51:59] Aktives Profil gesetzt & DecryptCache geleert: C:\Users\alexa\Documents\Euro Truck Simulator 2\profiles\5A65726F546F4865726F
[2026-01-03 15:51:59] Aktiver Save gesetzt: C:\Users\alexa\Documents\Euro Truck Simulator 2\profiles\5A65726F546F4865726F\save\quicksave\info.sii
[2026-01-03 15:51:59] Profil geladen: C:\Users\alexa\Documents\Euro Truck Simulator 2\profiles\5A65726F546F4865726F | Save: C:\Users\alexa\Documents\Euro Truck Simulator 2\profiles\5A65726F546F4865726F\save\quicksave\info.sii
[2026-01-03 15:51:59] decrypt_if_needed: C:\Users\alexa\Documents\Euro Truck Simulator 2\profiles\5A65726F546F4865726F\save\0\info.sii
[2026-01-03 15:51:59] decrypt_if_needed: C:\Users\alexa\Documents\Euro Truck Simulator 2\profiles\5A65726F546F4865726F\save\1\info.sii
[2026-01-03 15:51:59] decrypt_if_needed: C:\Users\alexa\Documents\Euro Truck Simulator 2\profiles\5A65726F546F4865726F\save\2\info.sii
[2026-01-03 15:51:59] decrypt_if_needed: C:\Users\alexa\Documents\Euro Truck Simulator 2\profiles\5A65726F546F4865726F\save\3\info.sii
[2026-01-03 15:51:59] decrypt_if_needed: C:\Users\alexa\Documents\Euro Truck Simulator 2\profiles\5A65726F546F4865726F\save\4\info.sii
[2026-01-03 15:51:59] decrypt_if_needed: C:\Users\alexa\Documents\Euro Truck Simulator 2\profiles\5A65726F546F4865726F\save\5\info.sii
[2026-01-03 15:51:59] decrypt_if_needed: C:\Users\alexa\Documents\Euro Truck Simulator 2\profiles\5A65726F546F4865726F\save\6\info.sii
[2026-01-03 15:51:59] decrypt_if_needed: C:\Users\alexa\Documents\Euro Truck Simulator 2\profiles\5A65726F546F4865726F\save\autosave\info.sii
[2026-01-03 15:51:59] decrypt_if_needed: C:\Users\alexa\Documents\Euro Truck Simulator 2\profiles\5A65726F546F4865726F\save\quicksave\info.sii
[2026-01-03 15:51:59] Lese globale Config
[2026-01-03 15:51:59] Gefundene Daten: max_convoy_size Some(128), traffic Some(1), developer Some(1), console Some(1)
[2026-01-03 15:51:59] Lese Config aus Profilpfad: C:\Users\alexa\Documents\Euro Truck Simulator 2\profiles\5A65726F546F4865726F
[2026-01-03 15:51:59] decrypt_if_needed: C:\Users\alexa\Documents\Euro Truck Simulator 2\profiles\5A65726F546F4865726F\config.cfg
[2026-01-03 15:51:59] Gefundene Daten: uset g_simple_parking_doubles Some(1)
[2026-01-03 15:51:59] Starte Profil-Suche…
[2026-01-03 15:51:59] decrypt_if_needed: C:\Users\alexa\Documents\Euro Truck Simulator 2\profiles\3132\profile.sii
[2026-01-03 15:51:59] Profil gefunden: C:\Users\alexa\Documents\Euro Truck Simulator 2\profiles\3132 (12)
[2026-01-03 15:51:59] decrypt_if_needed: C:\Users\alexa\Documents\Euro Truck Simulator 2\profiles\33302054616765204D422054455354\profile.sii
[2026-01-03 15:51:59] Profil gefunden: C:\Users\alexa\Documents\Euro Truck Simulator 2\profiles\33302054616765204D422054455354 (30 Tage MB TEST)
[2026-01-03 15:51:59] decrypt_if_needed: C:\Users\alexa\Documents\Euro Truck Simulator 2\profiles\44616E6765726F7573526F616473\profile.sii
[2026-01-03 15:51:59] Profil gefunden: C:\Users\alexa\Documents\Euro Truck Simulator 2\profiles\44616E6765726F7573526F616473 (DangerousRoads)
[2026-01-03 15:51:59] decrypt_if_needed: C:\Users\alexa\Documents\Euro Truck Simulator 2\profiles\4475706C69636174652074657374\profile.sii
[2026-01-03 15:51:59] Profil gefunden: C:\Users\alexa\Documents\Euro Truck Simulator 2\profiles\4475706C69636174652074657374 (Duplicate test)
[2026-01-03 15:51:59] decrypt_if_needed: C:\Users\alexa\Documents\Euro Truck Simulator 2\profiles\4C657473506C6179\profile.sii
[2026-01-03 15:51:59] Profil gefunden: C:\Users\alexa\Documents\Euro Truck Simulator 2\profiles\4C657473506C6179 (LetsPlay)
[2026-01-03 15:51:59] decrypt_if_needed: C:\Users\alexa\Documents\Euro Truck Simulator 2\profiles\4D4F442054657374204163636F756E74\profile.sii
[2026-01-03 15:51:59] Profil gefunden: C:\Users\alexa\Documents\Euro Truck Simulator 2\profiles\4D4F442054657374204163636F756E74 (MOD Test Account)
[2026-01-03 15:51:59] decrypt_if_needed: C:\Users\alexa\Documents\Euro Truck Simulator 2\profiles\546F6F6C2074657374\profile.sii
[2026-01-03 15:51:59] Profil gefunden: C:\Users\alexa\Documents\Euro Truck Simulator 2\profiles\546F6F6C2074657374 (Tool test)
[2026-01-03 15:51:59] decrypt_if_needed: C:\Users\alexa\Documents\Euro Truck Simulator 2\profiles\547275636B20546F6F6C2054657374\profile.sii
[2026-01-03 15:51:59] Profil gefunden: C:\Users\alexa\Documents\Euro Truck Simulator 2\profiles\547275636B20546F6F6C2054657374 (Truck Tool Test)
[2026-01-03 15:51:59] decrypt_if_needed: C:\Users\alexa\Documents\Euro Truck Simulator 2\profiles\547275636B6572734D50204E4555\profile.sii
[2026-01-03 15:51:59] Profil gefunden: C:\Users\alexa\Documents\Euro Truck Simulator 2\profiles\547275636B6572734D50204E4555 (TruckersMP NEU)
[2026-01-03 15:51:59] decrypt_if_needed: C:\Users\alexa\Documents\Euro Truck Simulator 2\profiles\5A65726F546F4865726F\profile.sii
[2026-01-03 15:51:59] Profil gefunden: C:\Users\alexa\Documents\Euro Truck Simulator 2\profiles\5A65726F546F4865726F (ZeroToHero)
[2026-01-03 15:51:59] decrypt_if_needed: C:\Users\alexa\Documents\Euro Truck Simulator 2\profiles\784465724C6965666572616E74\profile.sii
[2026-01-03 15:51:59] Profil gefunden: C:\Users\alexa\Documents\Euro Truck Simulator 2\profiles\784465724C6965666572616E74 (xDerLieferant)
[2026-01-03 15:51:59] Profil-Suche abgeschlossen. Gefunden: 11
[2026-01-03 15:51:59] Aktives Profil gesetzt & DecryptCache geleert: C:\Users\alexa\Documents\Euro Truck Simulator 2\profiles\5A65726F546F4865726F
[2026-01-03 15:51:59] Aktiver Save gesetzt: C:\Users\alexa\Documents\Euro Truck Simulator 2\profiles\5A65726F546F4865726F\save\quicksave\info.sii
[2026-01-03 15:51:59] Profil geladen: C:\Users\alexa\Documents\Euro Truck Simulator 2\profiles\5A65726F546F4865726F | Save: C:\Users\alexa\Documents\Euro Truck Simulator 2\profiles\5A65726F546F4865726F\save\quicksave\info.sii
[2026-01-03 15:51:59] decrypt_if_needed: C:\Users\alexa\Documents\Euro Truck Simulator 2\profiles\5A65726F546F4865726F\save\0\info.sii
[2026-01-03 15:51:59] decrypt_if_needed: C:\Users\alexa\Documents\Euro Truck Simulator 2\profiles\5A65726F546F4865726F\save\1\info.sii
[2026-01-03 15:51:59] decrypt_if_needed: C:\Users\alexa\Documents\Euro Truck Simulator 2\profiles\5A65726F546F4865726F\save\2\info.sii
[2026-01-03 15:51:59] decrypt_if_needed: C:\Users\alexa\Documents\Euro Truck Simulator 2\profiles\5A65726F546F4865726F\save\3\info.sii
[2026-01-03 15:51:59] decrypt_if_needed: C:\Users\alexa\Documents\Euro Truck Simulator 2\profiles\5A65726F546F4865726F\save\4\info.sii
[2026-01-03 15:51:59] decrypt_if_needed: C:\Users\alexa\Documents\Euro Truck Simulator 2\profiles\5A65726F546F4865726F\save\5\info.sii
[2026-01-03 15:51:59] decrypt_if_needed: C:\Users\alexa\Documents\Euro Truck Simulator 2\profiles\5A65726F546F4865726F\save\6\info.sii
[2026-01-03 15:51:59] decrypt_if_needed: C:\Users\alexa\Documents\Euro Truck Simulator 2\profiles\5A65726F546F4865726F\save\autosave\info.sii
[2026-01-03 15:51:59] decrypt_if_needed: C:\Users\alexa\Documents\Euro Truck Simulator 2\profiles\5A65726F546F4865726F\save\quicksave\info.sii
[2026-01-03 15:51:59] Lese globale Config
[2026-01-03 15:51:59] Gefundene Daten: max_convoy_size Some(128), traffic Some(1), developer Some(1), console Some(1)
[2026-01-03 15:51:59] Lese Config aus Profilpfad: C:\Users\alexa\Documents\Euro Truck Simulator 2\profiles\5A65726F546F4865726F
[2026-01-03 15:51:59] decrypt_if_needed: C:\Users\alexa\Documents\Euro Truck Simulator 2\profiles\5A65726F546F4865726F\config.cfg
[2026-01-03 15:51:59] Gefundene Daten: uset g_simple_parking_doubles Some(1)
[2026-01-03 15:52:04] Aktiver Save gesetzt: C:\Users\alexa\Documents\Euro Truck Simulator 2\profiles\5A65726F546F4865726F\save\6
[2026-01-03 15:52:04] Lese alle Speicherdaten aus: "C:\\Users\\alexa\\Documents\\Euro Truck Simulator 2\\profiles\\5A65726F546F4865726F\\save\\6\\game.sii"
[2026-01-03 15:52:04] decrypt_if_needed: C:\Users\alexa\Documents\Euro Truck Simulator 2\profiles\5A65726F546F4865726F\save\6\game.sii
[2026-01-03 15:52:04] Gefundene Daten: Geld: Some(66952), XP: Some(159766), Recruitments: None, dealers: None, visited_cities: None
[2026-01-03 15:52:04] -------------------------------------------
[2026-01-03 15:52:04] Starte quicksave_game_info()
[2026-01-03 15:52:04] -------------------------------------------
[2026-01-03 15:52:04] Profil: C:\Users\alexa\Documents\Euro Truck Simulator 2\profiles\5A65726F546F4865726F
[2026-01-03 15:52:04] Save: C:\Users\alexa\Documents\Euro Truck Simulator 2\profiles\5A65726F546F4865726F\save\6
[2026-01-03 15:52:04] Pfad: "C:\\Users\\alexa\\Documents\\Euro Truck Simulator 2\\profiles\\5A65726F546F4865726F\\save\\6\\game.sii"
[2026-01-03 15:52:04] decrypt_if_needed: C:\Users\alexa\Documents\Euro Truck Simulator 2\profiles\5A65726F546F4865726F\save\6\game.sii
[2026-01-03 15:52:04] Datei geladen. Parsing...
[2026-01-03 15:52:04] Player ID = Some("_nameless.272.8ee1.b8b0")
[2026-01-03 15:52:04] my_truck = Some("_nameless.272.91eb.1150")
[2026-01-03 15:52:04] my_trailer = Some("_nameless.272.8ce9.c0f0")
[2026-01-03 15:52:04] XP = Some(159766)
[2026-01-03 15:52:04] Bank ID = Some("_nameless.272.91f5.4730")
[2026-01-03 15:52:04] Money geladen: Some(66952)
[2026-01-03 15:52:04] Skills geladen
[2026-01-03 15:52:05] 39 Trucks gefunden
[2026-01-03 15:52:05] 0 Trailer gefunden
[2026-01-03 15:52:05] Lese Config aus Profilpfad: C:\Users\alexa\Documents\Euro Truck Simulator 2\profiles\5A65726F546F4865726F
[2026-01-03 15:52:05] decrypt_if_needed: C:\Users\alexa\Documents\Euro Truck Simulator 2\profiles\5A65726F546F4865726F\config.cfg
[2026-01-03 15:52:05] Gefundene Daten: uset g_simple_parking_doubles Some(1)
[2026-01-03 15:52:05] Lese globale Config
[2026-01-03 15:52:05] Gefundene Daten: max_convoy_size Some(128), traffic Some(1), developer Some(1), console Some(1)
[2026-01-03 15:52:05] get_player_truck: Profil C:\Users\alexa\Documents\Euro Truck Simulator 2\profiles\5A65726F546F4865726F
[2026-01-03 15:52:05] decrypt_if_needed: C:\Users\alexa\Documents\Euro Truck Simulator 2\profiles\5A65726F546F4865726F\save\6\game.sii
[2026-01-03 15:52:05] get_player_trailer: Profil C:\Users\alexa\Documents\Euro Truck Simulator 2\profiles\5A65726F546F4865726F
[2026-01-03 15:52:05] decrypt_if_needed: C:\Users\alexa\Documents\Euro Truck Simulator 2\profiles\5A65726F546F4865726F\save\6\game.sii
[2026-01-03 15:52:46] Aktives Profil gesetzt & DecryptCache geleert: C:\Users\alexa\Documents\Euro Truck Simulator 2\profiles\5A65726F546F4865726F
[2026-01-03 15:52:46] Aktiver Save gesetzt: C:\Users\alexa\Documents\Euro Truck Simulator 2\profiles\5A65726F546F4865726F\save\quicksave\info.sii
[2026-01-03 15:52:46] Profil geladen: C:\Users\alexa\Documents\Euro Truck Simulator 2\profiles\5A65726F546F4865726F | Save: C:\Users\alexa\Documents\Euro Truck Simulator 2\profiles\5A65726F546F4865726F\save\quicksave\info.sii
[2026-01-03 15:52:46] decrypt_if_needed: C:\Users\alexa\Documents\Euro Truck Simulator 2\profiles\5A65726F546F4865726F\save\0\info.sii
[2026-01-03 15:52:46] decrypt_if_needed: C:\Users\alexa\Documents\Euro Truck Simulator 2\profiles\5A65726F546F4865726F\save\1\info.sii
[2026-01-03 15:52:46] decrypt_if_needed: C:\Users\alexa\Documents\Euro Truck Simulator 2\profiles\5A65726F546F4865726F\save\2\info.sii
[2026-01-03 15:52:46] decrypt_if_needed: C:\Users\alexa\Documents\Euro Truck Simulator 2\profiles\5A65726F546F4865726F\save\3\info.sii
[2026-01-03 15:52:46] decrypt_if_needed: C:\Users\alexa\Documents\Euro Truck Simulator 2\profiles\5A65726F546F4865726F\save\4\info.sii
[2026-01-03 15:52:46] decrypt_if_needed: C:\Users\alexa\Documents\Euro Truck Simulator 2\profiles\5A65726F546F4865726F\save\5\info.sii
[2026-01-03 15:52:46] decrypt_if_needed: C:\Users\alexa\Documents\Euro Truck Simulator 2\profiles\5A65726F546F4865726F\save\6\info.sii
[2026-01-03 15:52:46] decrypt_if_needed: C:\Users\alexa\Documents\Euro Truck Simulator 2\profiles\5A65726F546F4865726F\save\autosave\info.sii
[2026-01-03 15:52:46] decrypt_if_needed: C:\Users\alexa\Documents\Euro Truck Simulator 2\profiles\5A65726F546F4865726F\save\quicksave\info.sii
[2026-01-03 15:52:46] Lese globale Config
[2026-01-03 15:52:46] Gefundene Daten: max_convoy_size Some(128), traffic Some(1), developer Some(1), console Some(1)
[2026-01-03 15:52:46] Lese Config aus Profilpfad: C:\Users\alexa\Documents\Euro Truck Simulator 2\profiles\5A65726F546F4865726F
[2026-01-03 15:52:46] decrypt_if_needed: C:\Users\alexa\Documents\Euro Truck Simulator 2\profiles\5A65726F546F4865726F\config.cfg
[2026-01-03 15:52:46] Gefundene Daten: uset g_simple_parking_doubles Some(1)
[2026-01-03 15:52:46] Starte Profil-Suche…
[2026-01-03 15:52:46] decrypt_if_needed: C:\Users\alexa\Documents\Euro Truck Simulator 2\profiles\3132\profile.sii
[2026-01-03 15:52:46] Profil gefunden: C:\Users\alexa\Documents\Euro Truck Simulator 2\profiles\3132 (12)
[2026-01-03 15:52:46] decrypt_if_needed: C:\Users\alexa\Documents\Euro Truck Simulator 2\profiles\33302054616765204D422054455354\profile.sii
[2026-01-03 15:52:46] Profil gefunden: C:\Users\alexa\Documents\Euro Truck Simulator 2\profiles\33302054616765204D422054455354 (30 Tage MB TEST)
[2026-01-03 15:52:46] decrypt_if_needed: C:\Users\alexa\Documents\Euro Truck Simulator 2\profiles\44616E6765726F7573526F616473\profile.sii
[2026-01-03 15:52:46] Profil gefunden: C:\Users\alexa\Documents\Euro Truck Simulator 2\profiles\44616E6765726F7573526F616473 (DangerousRoads)
[2026-01-03 15:52:46] decrypt_if_needed: C:\Users\alexa\Documents\Euro Truck Simulator 2\profiles\4475706C69636174652074657374\profile.sii
[2026-01-03 15:52:46] Profil gefunden: C:\Users\alexa\Documents\Euro Truck Simulator 2\profiles\4475706C69636174652074657374 (Duplicate test)
[2026-01-03 15:52:46] decrypt_if_needed: C:\Users\alexa\Documents\Euro Truck Simulator 2\profiles\4C657473506C6179\profile.sii
[2026-01-03 15:52:46] Profil gefunden: C:\Users\alexa\Documents\Euro Truck Simulator 2\profiles\4C657473506C6179 (LetsPlay)
[2026-01-03 15:52:46] decrypt_if_needed: C:\Users\alexa\Documents\Euro Truck Simulator 2\profiles\4D4F442054657374204163636F756E74\profile.sii
[2026-01-03 15:52:46] Profil gefunden: C:\Users\alexa\Documents\Euro Truck Simulator 2\profiles\4D4F442054657374204163636F756E74 (MOD Test Account)
[2026-01-03 15:52:46] decrypt_if_needed: C:\Users\alexa\Documents\Euro Truck Simulator 2\profiles\546F6F6C2074657374\profile.sii
[2026-01-03 15:52:47] Profil gefunden: C:\Users\alexa\Documents\Euro Truck Simulator 2\profiles\546F6F6C2074657374 (Tool test)
[2026-01-03 15:52:47] decrypt_if_needed: C:\Users\alexa\Documents\Euro Truck Simulator 2\profiles\547275636B20546F6F6C2054657374\profile.sii
[2026-01-03 15:52:47] Profil gefunden: C:\Users\alexa\Documents\Euro Truck Simulator 2\profiles\547275636B20546F6F6C2054657374 (Truck Tool Test)
[2026-01-03 15:52:47] decrypt_if_needed: C:\Users\alexa\Documents\Euro Truck Simulator 2\profiles\547275636B6572734D50204E4555\profile.sii
[2026-01-03 15:52:47] Profil gefunden: C:\Users\alexa\Documents\Euro Truck Simulator 2\profiles\547275636B6572734D50204E4555 (TruckersMP NEU)
[2026-01-03 15:52:47] decrypt_if_needed: C:\Users\alexa\Documents\Euro Truck Simulator 2\profiles\5A65726F546F4865726F\profile.sii
[2026-01-03 15:52:47] Profil gefunden: C:\Users\alexa\Documents\Euro Truck Simulator 2\profiles\5A65726F546F4865726F (ZeroToHero)
[2026-01-03 15:52:47] decrypt_if_needed: C:\Users\alexa\Documents\Euro Truck Simulator 2\profiles\784465724C6965666572616E74\profile.sii
[2026-01-03 15:52:47] Profil gefunden: C:\Users\alexa\Documents\Euro Truck Simulator 2\profiles\784465724C6965666572616E74 (xDerLieferant)
[2026-01-03 15:52:47] Profil-Suche abgeschlossen. Gefunden: 11
[2026-01-03 15:52:47] Aktives Profil gesetzt & DecryptCache geleert: C:\Users\alexa\Documents\Euro Truck Simulator 2\profiles\5A65726F546F4865726F
[2026-01-03 15:52:47] Aktiver Save gesetzt: C:\Users\alexa\Documents\Euro Truck Simulator 2\profiles\5A65726F546F4865726F\save\quicksave\info.sii
[2026-01-03 15:52:47] Profil geladen: C:\Users\alexa\Documents\Euro Truck Simulator 2\profiles\5A65726F546F4865726F | Save: C:\Users\alexa\Documents\Euro Truck Simulator 2\profiles\5A65726F546F4865726F\save\quicksave\info.sii
[2026-01-03 15:52:47] decrypt_if_needed: C:\Users\alexa\Documents\Euro Truck Simulator 2\profiles\5A65726F546F4865726F\save\0\info.sii
[2026-01-03 15:52:47] decrypt_if_needed: C:\Users\alexa\Documents\Euro Truck Simulator 2\profiles\5A65726F546F4865726F\save\1\info.sii
[2026-01-03 15:52:47] decrypt_if_needed: C:\Users\alexa\Documents\Euro Truck Simulator 2\profiles\5A65726F546F4865726F\save\2\info.sii
[2026-01-03 15:52:47] decrypt_if_needed: C:\Users\alexa\Documents\Euro Truck Simulator 2\profiles\5A65726F546F4865726F\save\3\info.sii
[2026-01-03 15:52:47] decrypt_if_needed: C:\Users\alexa\Documents\Euro Truck Simulator 2\profiles\5A65726F546F4865726F\save\4\info.sii
[2026-01-03 15:52:47] decrypt_if_needed: C:\Users\alexa\Documents\Euro Truck Simulator 2\profiles\5A65726F546F4865726F\save\5\info.sii
[2026-01-03 15:52:47] decrypt_if_needed: C:\Users\alexa\Documents\Euro Truck Simulator 2\profiles\5A65726F546F4865726F\save\6\info.sii
[2026-01-03 15:52:47] decrypt_if_needed: C:\Users\alexa\Documents\Euro Truck Simulator 2\profiles\5A65726F546F4865726F\save\autosave\info.sii
[2026-01-03 15:52:47] decrypt_if_needed: C:\Users\alexa\Documents\Euro Truck Simulator 2\profiles\5A65726F546F4865726F\save\quicksave\info.sii
[2026-01-03 15:52:47] Lese globale Config
[2026-01-03 15:52:47] Gefundene Daten: max_convoy_size Some(128), traffic Some(1), developer Some(1), console Some(1)
[2026-01-03 15:52:47] Lese Config aus Profilpfad: C:\Users\alexa\Documents\Euro Truck Simulator 2\profiles\5A65726F546F4865726F
[2026-01-03 15:52:47] decrypt_if_needed: C:\Users\alexa\Documents\Euro Truck Simulator 2\profiles\5A65726F546F4865726F\config.cfg
[2026-01-03 15:52:47] Gefundene Daten: uset g_simple_parking_doubles Some(1)
[2026-01-03 15:53:09] Aktives Profil gesetzt & DecryptCache geleert: C:\Users\alexa\Documents\Euro Truck Simulator 2\profiles\5A65726F546F4865726F
[2026-01-03 15:53:09] Aktiver Save gesetzt: C:\Users\alexa\Documents\Euro Truck Simulator 2\profiles\5A65726F546F4865726F\save\quicksave\info.sii
[2026-01-03 15:53:09] Profil geladen: C:\Users\alexa\Documents\Euro Truck Simulator 2\profiles\5A65726F546F4865726F | Save: C:\Users\alexa\Documents\Euro Truck Simulator 2\profiles\5A65726F546F4865726F\save\quicksave\info.sii
[2026-01-03 15:53:09] decrypt_if_needed: C:\Users\alexa\Documents\Euro Truck Simulator 2\profiles\5A65726F546F4865726F\save\0\info.sii
[2026-01-03 15:53:09] decrypt_if_needed: C:\Users\alexa\Documents\Euro Truck Simulator 2\profiles\5A65726F546F4865726F\save\1\info.sii
[2026-01-03 15:53:09] decrypt_if_needed: C:\Users\alexa\Documents\Euro Truck Simulator 2\profiles\5A65726F546F4865726F\save\2\info.sii
[2026-01-03 15:53:09] decrypt_if_needed: C:\Users\alexa\Documents\Euro Truck Simulator 2\profiles\5A65726F546F4865726F\save\3\info.sii
[2026-01-03 15:53:09] decrypt_if_needed: C:\Users\alexa\Documents\Euro Truck Simulator 2\profiles\5A65726F546F4865726F\save\4\info.sii
[2026-01-03 15:53:09] decrypt_if_needed: C:\Users\alexa\Documents\Euro Truck Simulator 2\profiles\5A65726F546F4865726F\save\5\info.sii
[2026-01-03 15:53:09] decrypt_if_needed: C:\Users\alexa\Documents\Euro Truck Simulator 2\profiles\5A65726F546F4865726F\save\6\info.sii
[2026-01-03 15:53:09] decrypt_if_needed: C:\Users\alexa\Documents\Euro Truck Simulator 2\profiles\5A65726F546F4865726F\save\autosave\info.sii
[2026-01-03 15:53:09] decrypt_if_needed: C:\Users\alexa\Documents\Euro Truck Simulator 2\profiles\5A65726F546F4865726F\save\quicksave\info.sii
[2026-01-03 15:53:09] Lese globale Config
[2026-01-03 15:53:09] Gefundene Daten: max_convoy_size Some(128), traffic Some(1), developer Some(1), console Some(1)
[2026-01-03 15:53:09] Lese Config aus Profilpfad: C:\Users\alexa\Documents\Euro Truck Simulator 2\profiles\5A65726F546F4865726F
[2026-01-03 15:53:09] decrypt_if_needed: C:\Users\alexa\Documents\Euro Truck Simulator 2\profiles\5A65726F546F4865726F\config.cfg
[2026-01-03 15:53:09] Gefundene Daten: uset g_simple_parking_doubles Some(1)
[2026-01-03 15:53:09] Starte Profil-Suche…
[2026-01-03 15:53:09] decrypt_if_needed: C:\Users\alexa\Documents\Euro Truck Simulator 2\profiles\3132\profile.sii
[2026-01-03 15:53:09] Profil gefunden: C:\Users\alexa\Documents\Euro Truck Simulator 2\profiles\3132 (12)
[2026-01-03 15:53:09] decrypt_if_needed: C:\Users\alexa\Documents\Euro Truck Simulator 2\profiles\33302054616765204D422054455354\profile.sii
[2026-01-03 15:53:09] Profil gefunden: C:\Users\alexa\Documents\Euro Truck Simulator 2\profiles\33302054616765204D422054455354 (30 Tage MB TEST)
[2026-01-03 15:53:09] decrypt_if_needed: C:\Users\alexa\Documents\Euro Truck Simulator 2\profiles\44616E6765726F7573526F616473\profile.sii
[2026-01-03 15:53:09] Profil gefunden: C:\Users\alexa\Documents\Euro Truck Simulator 2\profiles\44616E6765726F7573526F616473 (DangerousRoads)
[2026-01-03 15:53:09] decrypt_if_needed: C:\Users\alexa\Documents\Euro Truck Simulator 2\profiles\4475706C69636174652074657374\profile.sii
[2026-01-03 15:53:09] Profil gefunden: C:\Users\alexa\Documents\Euro Truck Simulator 2\profiles\4475706C69636174652074657374 (Duplicate test)
[2026-01-03 15:53:09] decrypt_if_needed: C:\Users\alexa\Documents\Euro Truck Simulator 2\profiles\4C657473506C6179\profile.sii
[2026-01-03 15:53:09] Profil gefunden: C:\Users\alexa\Documents\Euro Truck Simulator 2\profiles\4C657473506C6179 (LetsPlay)
[2026-01-03 15:53:09] decrypt_if_needed: C:\Users\alexa\Documents\Euro Truck Simulator 2\profiles\4D4F442054657374204163636F756E74\profile.sii
[2026-01-03 15:53:09] Profil gefunden: C:\Users\alexa\Documents\Euro Truck Simulator 2\profiles\4D4F442054657374204163636F756E74 (MOD Test Account)
[2026-01-03 15:53:09] decrypt_if_needed: C:\Users\alexa\Documents\Euro Truck Simulator 2\profiles\546F6F6C2074657374\profile.sii
[2026-01-03 15:53:09] Profil gefunden: C:\Users\alexa\Documents\Euro Truck Simulator 2\profiles\546F6F6C2074657374 (Tool test)
[2026-01-03 15:53:09] decrypt_if_needed: C:\Users\alexa\Documents\Euro Truck Simulator 2\profiles\547275636B20546F6F6C2054657374\profile.sii
[2026-01-03 15:53:09] Profil gefunden: C:\Users\alexa\Documents\Euro Truck Simulator 2\profiles\547275636B20546F6F6C2054657374 (Truck Tool Test)
[2026-01-03 15:53:09] decrypt_if_needed: C:\Users\alexa\Documents\Euro Truck Simulator 2\profiles\547275636B6572734D50204E4555\profile.sii
[2026-01-03 15:53:09] Profil gefunden: C:\Users\alexa\Documents\Euro Truck Simulator 2\profiles\547275636B6572734D50204E4555 (TruckersMP NEU)
[2026-01-03 15:53:09] decrypt_if_needed: C:\Users\alexa\Documents\Euro Truck Simulator 2\profiles\5A65726F546F4865726F\profile.sii
[2026-01-03 15:53:09] Profil gefunden: C:\Users\alexa\Documents\Euro Truck Simulator 2\profiles\5A65726F546F4865726F (ZeroToHero)
[2026-01-03 15:53:09] decrypt_if_needed: C:\Users\alexa\Documents\Euro Truck Simulator 2\profiles\784465724C6965666572616E74\profile.sii
[2026-01-03 15:53:09] Profil gefunden: C:\Users\alexa\Documents\Euro Truck Simulator 2\profiles\784465724C6965666572616E74 (xDerLieferant)
[2026-01-03 15:53:09] Profil-Suche abgeschlossen. Gefunden: 11
[2026-01-03 15:53:10] Aktives Profil gesetzt & DecryptCache geleert: C:\Users\alexa\Documents\Euro Truck Simulator 2\profiles\5A65726F546F4865726F
[2026-01-03 15:53:10] Aktiver Save gesetzt: C:\Users\alexa\Documents\Euro Truck Simulator 2\profiles\5A65726F546F4865726F\save\quicksave\info.sii
[2026-01-03 15:53:10] Profil geladen: C:\Users\alexa\Documents\Euro Truck Simulator 2\profiles\5A65726F546F4865726F | Save: C:\Users\alexa\Documents\Euro Truck Simulator 2\profiles\5A65726F546F4865726F\save\quicksave\info.sii
[2026-01-03 15:53:10] decrypt_if_needed: C:\Users\alexa\Documents\Euro Truck Simulator 2\profiles\5A65726F546F4865726F\save\0\info.sii
[2026-01-03 15:53:10] decrypt_if_needed: C:\Users\alexa\Documents\Euro Truck Simulator 2\profiles\5A65726F546F4865726F\save\1\info.sii
[2026-01-03 15:53:10] decrypt_if_needed: C:\Users\alexa\Documents\Euro Truck Simulator 2\profiles\5A65726F546F4865726F\save\2\info.sii
[2026-01-03 15:53:10] decrypt_if_needed: C:\Users\alexa\Documents\Euro Truck Simulator 2\profiles\5A65726F546F4865726F\save\3\info.sii
[2026-01-03 15:53:10] decrypt_if_needed: C:\Users\alexa\Documents\Euro Truck Simulator 2\profiles\5A65726F546F4865726F\save\4\info.sii
[2026-01-03 15:53:10] decrypt_if_needed: C:\Users\alexa\Documents\Euro Truck Simulator 2\profiles\5A65726F546F4865726F\save\5\info.sii
[2026-01-03 15:53:10] decrypt_if_needed: C:\Users\alexa\Documents\Euro Truck Simulator 2\profiles\5A65726F546F4865726F\save\6\info.sii
[2026-01-03 15:53:10] decrypt_if_needed: C:\Users\alexa\Documents\Euro Truck Simulator 2\profiles\5A65726F546F4865726F\save\autosave\info.sii
[2026-01-03 15:53:10] decrypt_if_needed: C:\Users\alexa\Documents\Euro Truck Simulator 2\profiles\5A65726F546F4865726F\save\quicksave\info.sii
[2026-01-03 15:53:10] Lese globale Config
[2026-01-03 15:53:10] Gefundene Daten: max_convoy_size Some(128), traffic Some(1), developer Some(1), console Some(1)
[2026-01-03 15:53:10] Lese Config aus Profilpfad: C:\Users\alexa\Documents\Euro Truck Simulator 2\profiles\5A65726F546F4865726F
[2026-01-03 15:53:10] decrypt_if_needed: C:\Users\alexa\Documents\Euro Truck Simulator 2\profiles\5A65726F546F4865726F\config.cfg
[2026-01-03 15:53:10] Gefundene Daten: uset g_simple_parking_doubles Some(1)
[2026-01-03 15:53:11] Aktiver Save gesetzt: C:\Users\alexa\Documents\Euro Truck Simulator 2\profiles\5A65726F546F4865726F\save\6
[2026-01-03 15:53:11] Lese alle Speicherdaten aus: "C:\\Users\\alexa\\Documents\\Euro Truck Simulator 2\\profiles\\5A65726F546F4865726F\\save\\6\\game.sii"
[2026-01-03 15:53:11] decrypt_if_needed: C:\Users\alexa\Documents\Euro Truck Simulator 2\profiles\5A65726F546F4865726F\save\6\game.sii
[2026-01-03 15:53:11] Gefundene Daten: Geld: Some(66952), XP: Some(159766), Recruitments: None, dealers: None, visited_cities: None
[2026-01-03 15:53:11] -------------------------------------------
[2026-01-03 15:53:11] Starte quicksave_game_info()
[2026-01-03 15:53:11] -------------------------------------------
[2026-01-03 15:53:11] Profil: C:\Users\alexa\Documents\Euro Truck Simulator 2\profiles\5A65726F546F4865726F
[2026-01-03 15:53:11] Save: C:\Users\alexa\Documents\Euro Truck Simulator 2\profiles\5A65726F546F4865726F\save\6
[2026-01-03 15:53:11] Pfad: "C:\\Users\\alexa\\Documents\\Euro Truck Simulator 2\\profiles\\5A65726F546F4865726F\\save\\6\\game.sii"
[2026-01-03 15:53:11] decrypt_if_needed: C:\Users\alexa\Documents\Euro Truck Simulator 2\profiles\5A65726F546F4865726F\save\6\game.sii
[2026-01-03 15:53:11] Datei geladen. Parsing...
[2026-01-03 15:53:11] Player ID = Some("_nameless.272.8ee1.b8b0")
[2026-01-03 15:53:11] my_truck = Some("_nameless.272.91eb.1150")
[2026-01-03 15:53:11] my_trailer = Some("_nameless.272.8ce9.c0f0")
[2026-01-03 15:53:11] XP = Some(159766)
[2026-01-03 15:53:11] Bank ID = Some("_nameless.272.91f5.4730")
[2026-01-03 15:53:11] Money geladen: Some(66952)
[2026-01-03 15:53:11] Skills geladen
[2026-01-03 15:53:12] 39 Trucks gefunden
[2026-01-03 15:53:12] 0 Trailer gefunden
[2026-01-03 15:53:12] Lese Config aus Profilpfad: C:\Users\alexa\Documents\Euro Truck Simulator 2\profiles\5A65726F546F4865726F
[2026-01-03 15:53:12] decrypt_if_needed: C:\Users\alexa\Documents\Euro Truck Simulator 2\profiles\5A65726F546F4865726F\config.cfg
[2026-01-03 15:53:12] Gefundene Daten: uset g_simple_parking_doubles Some(1)
[2026-01-03 15:53:12] Lese globale Config
[2026-01-03 15:53:12] Gefundene Daten: max_convoy_size Some(128), traffic Some(1), developer Some(1), console Some(1)
[2026-01-03 15:53:12] get_player_truck: Profil C:\Users\alexa\Documents\Euro Truck Simulator 2\profiles\5A65726F546F4865726F
[2026-01-03 15:53:12] decrypt_if_needed: C:\Users\alexa\Documents\Euro Truck Simulator 2\profiles\5A65726F546F4865726F\save\6\game.sii
[2026-01-03 15:53:13] get_player_trailer: Profil C:\Users\alexa\Documents\Euro Truck Simulator 2\profiles\5A65726F546F4865726F
[2026-01-03 15:53:13] decrypt_if_needed: C:\Users\alexa\Documents\Euro Truck Simulator 2\profiles\5A65726F546F4865726F\save\6\game.sii
[2026-01-03 15:53:34] Aktives Profil gesetzt & DecryptCache geleert: C:\Users\alexa\Documents\Euro Truck Simulator 2\profiles\5A65726F546F4865726F
[2026-01-03 15:53:34] Aktiver Save gesetzt: C:\Users\alexa\Documents\Euro Truck Simulator 2\profiles\5A65726F546F4865726F\save\quicksave\info.sii
[2026-01-03 15:53:34] Profil geladen: C:\Users\alexa\Documents\Euro Truck Simulator 2\profiles\5A65726F546F4865726F | Save: C:\Users\alexa\Documents\Euro Truck Simulator 2\profiles\5A65726F546F4865726F\save\quicksave\info.sii
[2026-01-03 15:53:34] decrypt_if_needed: C:\Users\alexa\Documents\Euro Truck Simulator 2\profiles\5A65726F546F4865726F\save\0\info.sii
[2026-01-03 15:53:34] decrypt_if_needed: C:\Users\alexa\Documents\Euro Truck Simulator 2\profiles\5A65726F546F4865726F\save\1\info.sii
[2026-01-03 15:53:34] decrypt_if_needed: C:\Users\alexa\Documents\Euro Truck Simulator 2\profiles\5A65726F546F4865726F\save\2\info.sii
[2026-01-03 15:53:34] decrypt_if_needed: C:\Users\alexa\Documents\Euro Truck Simulator 2\profiles\5A65726F546F4865726F\save\3\info.sii
[2026-01-03 15:53:34] decrypt_if_needed: C:\Users\alexa\Documents\Euro Truck Simulator 2\profiles\5A65726F546F4865726F\save\4\info.sii
[2026-01-03 15:53:34] decrypt_if_needed: C:\Users\alexa\Documents\Euro Truck Simulator 2\profiles\5A65726F546F4865726F\save\5\info.sii
[2026-01-03 15:53:34] decrypt_if_needed: C:\Users\alexa\Documents\Euro Truck Simulator 2\profiles\5A65726F546F4865726F\save\6\info.sii
[2026-01-03 15:53:34] decrypt_if_needed: C:\Users\alexa\Documents\Euro Truck Simulator 2\profiles\5A65726F546F4865726F\save\autosave\info.sii
[2026-01-03 15:53:34] decrypt_if_needed: C:\Users\alexa\Documents\Euro Truck Simulator 2\profiles\5A65726F546F4865726F\save\quicksave\info.sii
[2026-01-03 15:53:34] Lese globale Config
[2026-01-03 15:53:34] Gefundene Daten: max_convoy_size Some(128), traffic Some(1), developer Some(1), console Some(1)
[2026-01-03 15:53:34] Lese Config aus Profilpfad: C:\Users\alexa\Documents\Euro Truck Simulator 2\profiles\5A65726F546F4865726F
[2026-01-03 15:53:34] decrypt_if_needed: C:\Users\alexa\Documents\Euro Truck Simulator 2\profiles\5A65726F546F4865726F\config.cfg
[2026-01-03 15:53:34] Gefundene Daten: uset g_simple_parking_doubles Some(1)
[2026-01-03 15:53:35] Starte Profil-Suche…
[2026-01-03 15:53:35] decrypt_if_needed: C:\Users\alexa\Documents\Euro Truck Simulator 2\profiles\3132\profile.sii
[2026-01-03 15:53:35] Profil gefunden: C:\Users\alexa\Documents\Euro Truck Simulator 2\profiles\3132 (12)
[2026-01-03 15:53:35] decrypt_if_needed: C:\Users\alexa\Documents\Euro Truck Simulator 2\profiles\33302054616765204D422054455354\profile.sii
[2026-01-03 15:53:35] Profil gefunden: C:\Users\alexa\Documents\Euro Truck Simulator 2\profiles\33302054616765204D422054455354 (30 Tage MB TEST)
[2026-01-03 15:53:35] decrypt_if_needed: C:\Users\alexa\Documents\Euro Truck Simulator 2\profiles\44616E6765726F7573526F616473\profile.sii
[2026-01-03 15:53:35] Profil gefunden: C:\Users\alexa\Documents\Euro Truck Simulator 2\profiles\44616E6765726F7573526F616473 (DangerousRoads)
[2026-01-03 15:53:35] decrypt_if_needed: C:\Users\alexa\Documents\Euro Truck Simulator 2\profiles\4475706C69636174652074657374\profile.sii
[2026-01-03 15:53:35] Profil gefunden: C:\Users\alexa\Documents\Euro Truck Simulator 2\profiles\4475706C69636174652074657374 (Duplicate test)
[2026-01-03 15:53:35] decrypt_if_needed: C:\Users\alexa\Documents\Euro Truck Simulator 2\profiles\4C657473506C6179\profile.sii
[2026-01-03 15:53:35] Profil gefunden: C:\Users\alexa\Documents\Euro Truck Simulator 2\profiles\4C657473506C6179 (LetsPlay)
[2026-01-03 15:53:35] decrypt_if_needed: C:\Users\alexa\Documents\Euro Truck Simulator 2\profiles\4D4F442054657374204163636F756E74\profile.sii
[2026-01-03 15:53:35] Profil gefunden: C:\Users\alexa\Documents\Euro Truck Simulator 2\profiles\4D4F442054657374204163636F756E74 (MOD Test Account)
[2026-01-03 15:53:35] decrypt_if_needed: C:\Users\alexa\Documents\Euro Truck Simulator 2\profiles\546F6F6C2074657374\profile.sii
[2026-01-03 15:53:35] Profil gefunden: C:\Users\alexa\Documents\Euro Truck Simulator 2\profiles\546F6F6C2074657374 (Tool test)
[2026-01-03 15:53:35] decrypt_if_needed: C:\Users\alexa\Documents\Euro Truck Simulator 2\profiles\547275636B20546F6F6C2054657374\profile.sii
[2026-01-03 15:53:35] Profil gefunden: C:\Users\alexa\Documents\Euro Truck Simulator 2\profiles\547275636B20546F6F6C2054657374 (Truck Tool Test)
[2026-01-03 15:53:35] decrypt_if_needed: C:\Users\alexa\Documents\Euro Truck Simulator 2\profiles\547275636B6572734D50204E4555\profile.sii
[2026-01-03 15:53:35] Profil gefunden: C:\Users\alexa\Documents\Euro Truck Simulator 2\profiles\547275636B6572734D50204E4555 (TruckersMP NEU)
[2026-01-03 15:53:35] decrypt_if_needed: C:\Users\alexa\Documents\Euro Truck Simulator 2\profiles\5A65726F546F4865726F\profile.sii
[2026-01-03 15:53:35] Profil gefunden: C:\Users\alexa\Documents\Euro Truck Simulator 2\profiles\5A65726F546F4865726F (ZeroToHero)
[2026-01-03 15:53:35] decrypt_if_needed: C:\Users\alexa\Documents\Euro Truck Simulator 2\profiles\784465724C6965666572616E74\profile.sii
[2026-01-03 15:53:35] Profil gefunden: C:\Users\alexa\Documents\Euro Truck Simulator 2\profiles\784465724C6965666572616E74 (xDerLieferant)
[2026-01-03 15:53:35] Profil-Suche abgeschlossen. Gefunden: 11
[2026-01-03 15:53:35] Aktives Profil gesetzt & DecryptCache geleert: C:\Users\alexa\Documents\Euro Truck Simulator 2\profiles\5A65726F546F4865726F
[2026-01-03 15:53:35] Aktiver Save gesetzt: C:\Users\alexa\Documents\Euro Truck Simulator 2\profiles\5A65726F546F4865726F\save\quicksave\info.sii
[2026-01-03 15:53:35] Profil geladen: C:\Users\alexa\Documents\Euro Truck Simulator 2\profiles\5A65726F546F4865726F | Save: C:\Users\alexa\Documents\Euro Truck Simulator 2\profiles\5A65726F546F4865726F\save\quicksave\info.sii
[2026-01-03 15:53:35] decrypt_if_needed: C:\Users\alexa\Documents\Euro Truck Simulator 2\profiles\5A65726F546F4865726F\save\0\info.sii
[2026-01-03 15:53:35] decrypt_if_needed: C:\Users\alexa\Documents\Euro Truck Simulator 2\profiles\5A65726F546F4865726F\save\1\info.sii
[2026-01-03 15:53:35] decrypt_if_needed: C:\Users\alexa\Documents\Euro Truck Simulator 2\profiles\5A65726F546F4865726F\save\2\info.sii
[2026-01-03 15:53:35] decrypt_if_needed: C:\Users\alexa\Documents\Euro Truck Simulator 2\profiles\5A65726F546F4865726F\save\3\info.sii
[2026-01-03 15:53:35] decrypt_if_needed: C:\Users\alexa\Documents\Euro Truck Simulator 2\profiles\5A65726F546F4865726F\save\4\info.sii
[2026-01-03 15:53:35] decrypt_if_needed: C:\Users\alexa\Documents\Euro Truck Simulator 2\profiles\5A65726F546F4865726F\save\5\info.sii
[2026-01-03 15:53:35] decrypt_if_needed: C:\Users\alexa\Documents\Euro Truck Simulator 2\profiles\5A65726F546F4865726F\save\6\info.sii
[2026-01-03 15:53:35] decrypt_if_needed: C:\Users\alexa\Documents\Euro Truck Simulator 2\profiles\5A65726F546F4865726F\save\autosave\info.sii
[2026-01-03 15:53:35] decrypt_if_needed: C:\Users\alexa\Documents\Euro Truck Simulator 2\profiles\5A65726F546F4865726F\save\quicksave\info.sii
[2026-01-03 15:53:35] Lese globale Config
[2026-01-03 15:53:35] Gefundene Daten: max_convoy_size Some(128), traffic Some(1), developer Some(1), console Some(1)
[2026-01-03 15:53:35] Lese Config aus Profilpfad: C:\Users\alexa\Documents\Euro Truck Simulator 2\profiles\5A65726F546F4865726F
[2026-01-03 15:53:35] decrypt_if_needed: C:\Users\alexa\Documents\Euro Truck Simulator 2\profiles\5A65726F546F4865726F\config.cfg
[2026-01-03 15:53:35] Gefundene Daten: uset g_simple_parking_doubles Some(1)
[2026-01-03 15:53:35] Aktiver Save gesetzt: C:\Users\alexa\Documents\Euro Truck Simulator 2\profiles\5A65726F546F4865726F\save\6
[2026-01-03 15:53:35] Lese alle Speicherdaten aus: "C:\\Users\\alexa\\Documents\\Euro Truck Simulator 2\\profiles\\5A65726F546F4865726F\\save\\6\\game.sii"
[2026-01-03 15:53:35] decrypt_if_needed: C:\Users\alexa\Documents\Euro Truck Simulator 2\profiles\5A65726F546F4865726F\save\6\game.sii
[2026-01-03 15:53:35] Gefundene Daten: Geld: Some(66952), XP: Some(159766), Recruitments: None, dealers: None, visited_cities: None
[2026-01-03 15:53:36] -------------------------------------------
[2026-01-03 15:53:36] Starte quicksave_game_info()
[2026-01-03 15:53:36] -------------------------------------------
[2026-01-03 15:53:36] Profil: C:\Users\alexa\Documents\Euro Truck Simulator 2\profiles\5A65726F546F4865726F
[2026-01-03 15:53:36] Save: C:\Users\alexa\Documents\Euro Truck Simulator 2\profiles\5A65726F546F4865726F\save\6
[2026-01-03 15:53:36] Pfad: "C:\\Users\\alexa\\Documents\\Euro Truck Simulator 2\\profiles\\5A65726F546F4865726F\\save\\6\\game.sii"
[2026-01-03 15:53:36] decrypt_if_needed: C:\Users\alexa\Documents\Euro Truck Simulator 2\profiles\5A65726F546F4865726F\save\6\game.sii
[2026-01-03 15:53:36] Datei geladen. Parsing...
[2026-01-03 15:53:36] Player ID = Some("_nameless.272.8ee1.b8b0")
[2026-01-03 15:53:36] my_truck = Some("_nameless.272.91eb.1150")
[2026-01-03 15:53:36] my_trailer = Some("_nameless.272.8ce9.c0f0")
[2026-01-03 15:53:36] XP = Some(159766)
[2026-01-03 15:53:36] Bank ID = Some("_nameless.272.91f5.4730")
[2026-01-03 15:53:36] Money geladen: Some(66952)
[2026-01-03 15:53:36] Skills geladen
[2026-01-03 15:53:36] 39 Trucks gefunden
[2026-01-03 15:53:36] 0 Trailer gefunden
[2026-01-03 15:53:36] Lese Config aus Profilpfad: C:\Users\alexa\Documents\Euro Truck Simulator 2\profiles\5A65726F546F4865726F
[2026-01-03 15:53:36] decrypt_if_needed: C:\Users\alexa\Documents\Euro Truck Simulator 2\profiles\5A65726F546F4865726F\config.cfg
[2026-01-03 15:53:36] Gefundene Daten: uset g_simple_parking_doubles Some(1)
[2026-01-03 15:53:36] Lese globale Config
[2026-01-03 15:53:36] Gefundene Daten: max_convoy_size Some(128), traffic Some(1), developer Some(1), console Some(1)
[2026-01-03 15:53:36] get_player_truck: Profil C:\Users\alexa\Documents\Euro Truck Simulator 2\profiles\5A65726F546F4865726F
[2026-01-03 15:53:36] decrypt_if_needed: C:\Users\alexa\Documents\Euro Truck Simulator 2\profiles\5A65726F546F4865726F\save\6\game.sii
[2026-01-03 15:53:37] get_player_trailer: Profil C:\Users\alexa\Documents\Euro Truck Simulator 2\profiles\5A65726F546F4865726F
[2026-01-03 15:53:37] decrypt_if_needed: C:\Users\alexa\Documents\Euro Truck Simulator 2\profiles\5A65726F546F4865726F\save\6\game.sii
[2026-01-03 15:53:57] Starte Profil-Suche…
[2026-01-03 15:53:57] decrypt_if_needed: C:\Users\alexa\Documents\Euro Truck Simulator 2\profiles\3132\profile.sii
[2026-01-03 15:53:57] Profil gefunden: C:\Users\alexa\Documents\Euro Truck Simulator 2\profiles\3132 (12)
[2026-01-03 15:53:57] decrypt_if_needed: C:\Users\alexa\Documents\Euro Truck Simulator 2\profiles\33302054616765204D422054455354\profile.sii
[2026-01-03 15:53:57] Profil gefunden: C:\Users\alexa\Documents\Euro Truck Simulator 2\profiles\33302054616765204D422054455354 (30 Tage MB TEST)
[2026-01-03 15:53:57] decrypt_if_needed: C:\Users\alexa\Documents\Euro Truck Simulator 2\profiles\44616E6765726F7573526F616473\profile.sii
[2026-01-03 15:53:57] Profil gefunden: C:\Users\alexa\Documents\Euro Truck Simulator 2\profiles\44616E6765726F7573526F616473 (DangerousRoads)
[2026-01-03 15:53:57] decrypt_if_needed: C:\Users\alexa\Documents\Euro Truck Simulator 2\profiles\4475706C69636174652074657374\profile.sii
[2026-01-03 15:53:57] Profil gefunden: C:\Users\alexa\Documents\Euro Truck Simulator 2\profiles\4475706C69636174652074657374 (Duplicate test)
[2026-01-03 15:53:57] decrypt_if_needed: C:\Users\alexa\Documents\Euro Truck Simulator 2\profiles\4C657473506C6179\profile.sii
[2026-01-03 15:53:57] Profil gefunden: C:\Users\alexa\Documents\Euro Truck Simulator 2\profiles\4C657473506C6179 (LetsPlay)
[2026-01-03 15:53:57] decrypt_if_needed: C:\Users\alexa\Documents\Euro Truck Simulator 2\profiles\4D4F442054657374204163636F756E74\profile.sii
[2026-01-03 15:53:57] Profil gefunden: C:\Users\alexa\Documents\Euro Truck Simulator 2\profiles\4D4F442054657374204163636F756E74 (MOD Test Account)
[2026-01-03 15:53:57] decrypt_if_needed: C:\Users\alexa\Documents\Euro Truck Simulator 2\profiles\546F6F6C2074657374\profile.sii
[2026-01-03 15:53:57] Profil gefunden: C:\Users\alexa\Documents\Euro Truck Simulator 2\profiles\546F6F6C2074657374 (Tool test)
[2026-01-03 15:53:57] decrypt_if_needed: C:\Users\alexa\Documents\Euro Truck Simulator 2\profiles\547275636B20546F6F6C2054657374\profile.sii
[2026-01-03 15:53:57] Profil gefunden: C:\Users\alexa\Documents\Euro Truck Simulator 2\profiles\547275636B20546F6F6C2054657374 (Truck Tool Test)
[2026-01-03 15:53:57] decrypt_if_needed: C:\Users\alexa\Documents\Euro Truck Simulator 2\profiles\547275636B6572734D50204E4555\profile.sii
[2026-01-03 15:53:57] Profil gefunden: C:\Users\alexa\Documents\Euro Truck Simulator 2\profiles\547275636B6572734D50204E4555 (TruckersMP NEU)
[2026-01-03 15:53:57] decrypt_if_needed: C:\Users\alexa\Documents\Euro Truck Simulator 2\profiles\5A65726F546F4865726F\profile.sii
[2026-01-03 15:53:57] Profil gefunden: C:\Users\alexa\Documents\Euro Truck Simulator 2\profiles\5A65726F546F4865726F (ZeroToHero)
[2026-01-03 15:53:57] decrypt_if_needed: C:\Users\alexa\Documents\Euro Truck Simulator 2\profiles\784465724C6965666572616E74\profile.sii
[2026-01-03 15:53:57] Profil gefunden: C:\Users\alexa\Documents\Euro Truck Simulator 2\profiles\784465724C6965666572616E74 (xDerLieferant)
[2026-01-03 15:53:57] Profil-Suche abgeschlossen. Gefunden: 11
[2026-01-03 15:53:57] Aktives Profil gesetzt & DecryptCache geleert: C:\Users\alexa\Documents\Euro Truck Simulator 2\profiles\5A65726F546F4865726F
[2026-01-03 15:53:57] Aktiver Save gesetzt: C:\Users\alexa\Documents\Euro Truck Simulator 2\profiles\5A65726F546F4865726F\save\quicksave\info.sii
[2026-01-03 15:53:57] Profil geladen: C:\Users\alexa\Documents\Euro Truck Simulator 2\profiles\5A65726F546F4865726F | Save: C:\Users\alexa\Documents\Euro Truck Simulator 2\profiles\5A65726F546F4865726F\save\quicksave\info.sii
[2026-01-03 15:53:57] decrypt_if_needed: C:\Users\alexa\Documents\Euro Truck Simulator 2\profiles\5A65726F546F4865726F\save\0\info.sii
[2026-01-03 15:53:57] decrypt_if_needed: C:\Users\alexa\Documents\Euro Truck Simulator 2\profiles\5A65726F546F4865726F\save\1\info.sii
[2026-01-03 15:53:57] decrypt_if_needed: C:\Users\alexa\Documents\Euro Truck Simulator 2\profiles\5A65726F546F4865726F\save\2\info.sii
[2026-01-03 15:53:57] decrypt_if_needed: C:\Users\alexa\Documents\Euro Truck Simulator 2\profiles\5A65726F546F4865726F\save\3\info.sii
[2026-01-03 15:53:57] decrypt_if_needed: C:\Users\alexa\Documents\Euro Truck Simulator 2\profiles\5A65726F546F4865726F\save\4\info.sii
[2026-01-03 15:53:57] decrypt_if_needed: C:\Users\alexa\Documents\Euro Truck Simulator 2\profiles\5A65726F546F4865726F\save\5\info.sii
[2026-01-03 15:53:57] decrypt_if_needed: C:\Users\alexa\Documents\Euro Truck Simulator 2\profiles\5A65726F546F4865726F\save\6\info.sii
[2026-01-03 15:53:57] decrypt_if_needed: C:\Users\alexa\Documents\Euro Truck Simulator 2\profiles\5A65726F546F4865726F\save\autosave\info.sii
[2026-01-03 15:53:57] decrypt_if_needed: C:\Users\alexa\Documents\Euro Truck Simulator 2\profiles\5A65726F546F4865726F\save\quicksave\info.sii
[2026-01-03 15:53:57] Lese globale Config
[2026-01-03 15:53:57] Gefundene Daten: max_convoy_size Some(128), traffic Some(1), developer Some(1), console Some(1)
[2026-01-03 15:53:57] Lese Config aus Profilpfad: C:\Users\alexa\Documents\Euro Truck Simulator 2\profiles\5A65726F546F4865726F
[2026-01-03 15:53:57] decrypt_if_needed: C:\Users\alexa\Documents\Euro Truck Simulator 2\profiles\5A65726F546F4865726F\config.cfg
[2026-01-03 15:53:57] Gefundene Daten: uset g_simple_parking_doubles Some(1)
[2026-01-03 15:54:00] Aktiver Save gesetzt: C:\Users\alexa\Documents\Euro Truck Simulator 2\profiles\5A65726F546F4865726F\save\6
[2026-01-03 15:54:00] Lese alle Speicherdaten aus: "C:\\Users\\alexa\\Documents\\Euro Truck Simulator 2\\profiles\\5A65726F546F4865726F\\save\\6\\game.sii"
[2026-01-03 15:54:00] decrypt_if_needed: C:\Users\alexa\Documents\Euro Truck Simulator 2\profiles\5A65726F546F4865726F\save\6\game.sii
[2026-01-03 15:54:00] Gefundene Daten: Geld: Some(66952), XP: Some(159766), Recruitments: None, dealers: None, visited_cities: None
[2026-01-03 15:54:00] -------------------------------------------
[2026-01-03 15:54:00] Starte quicksave_game_info()
[2026-01-03 15:54:00] -------------------------------------------
[2026-01-03 15:54:00] Profil: C:\Users\alexa\Documents\Euro Truck Simulator 2\profiles\5A65726F546F4865726F
[2026-01-03 15:54:00] Save: C:\Users\alexa\Documents\Euro Truck Simulator 2\profiles\5A65726F546F4865726F\save\6
[2026-01-03 15:54:00] Pfad: "C:\\Users\\alexa\\Documents\\Euro Truck Simulator 2\\profiles\\5A65726F546F4865726F\\save\\6\\game.sii"
[2026-01-03 15:54:00] decrypt_if_needed: C:\Users\alexa\Documents\Euro Truck Simulator 2\profiles\5A65726F546F4865726F\save\6\game.sii
[2026-01-03 15:54:00] Datei geladen. Parsing...
[2026-01-03 15:54:00] Player ID = Some("_nameless.272.8ee1.b8b0")
[2026-01-03 15:54:00] my_truck = Some("_nameless.272.91eb.1150")
[2026-01-03 15:54:00] my_trailer = Some("_nameless.272.8ce9.c0f0")
[2026-01-03 15:54:00] XP = Some(159766)
[2026-01-03 15:54:00] Bank ID = Some("_nameless.272.91f5.4730")
[2026-01-03 15:54:00] Money geladen: Some(66952)
[2026-01-03 15:54:00] Skills geladen
[2026-01-03 15:54:00] 39 Trucks gefunden
[2026-01-03 15:54:00] 0 Trailer gefunden
[2026-01-03 15:54:00] Lese Config aus Profilpfad: C:\Users\alexa\Documents\Euro Truck Simulator 2\profiles\5A65726F546F4865726F
[2026-01-03 15:54:00] decrypt_if_needed: C:\Users\alexa\Documents\Euro Truck Simulator 2\profiles\5A65726F546F4865726F\config.cfg
[2026-01-03 15:54:00] Gefundene Daten: uset g_simple_parking_doubles Some(1)
[2026-01-03 15:54:00] Lese globale Config
[2026-01-03 15:54:00] Gefundene Daten: max_convoy_size Some(128), traffic Some(1), developer Some(1), console Some(1)
[2026-01-03 15:54:00] get_player_truck: Profil C:\Users\alexa\Documents\Euro Truck Simulator 2\profiles\5A65726F546F4865726F
[2026-01-03 15:54:00] decrypt_if_needed: C:\Users\alexa\Documents\Euro Truck Simulator 2\profiles\5A65726F546F4865726F\save\6\game.sii
[2026-01-03 15:54:01] get_player_trailer: Profil C:\Users\alexa\Documents\Euro Truck Simulator 2\profiles\5A65726F546F4865726F
[2026-01-03 15:54:01] decrypt_if_needed: C:\Users\alexa\Documents\Euro Truck Simulator 2\profiles\5A65726F546F4865726F\save\6\game.sii
[2026-01-03 15:54:22] Starte Profil-Suche…
[2026-01-03 15:54:22] decrypt_if_needed: C:\Users\alexa\Documents\Euro Truck Simulator 2\profiles\3132\profile.sii
[2026-01-03 15:54:22] Profil gefunden: C:\Users\alexa\Documents\Euro Truck Simulator 2\profiles\3132 (12)
[2026-01-03 15:54:22] decrypt_if_needed: C:\Users\alexa\Documents\Euro Truck Simulator 2\profiles\33302054616765204D422054455354\profile.sii
[2026-01-03 15:54:22] Profil gefunden: C:\Users\alexa\Documents\Euro Truck Simulator 2\profiles\33302054616765204D422054455354 (30 Tage MB TEST)
[2026-01-03 15:54:22] decrypt_if_needed: C:\Users\alexa\Documents\Euro Truck Simulator 2\profiles\44616E6765726F7573526F616473\profile.sii
[2026-01-03 15:54:22] Profil gefunden: C:\Users\alexa\Documents\Euro Truck Simulator 2\profiles\44616E6765726F7573526F616473 (DangerousRoads)
[2026-01-03 15:54:22] decrypt_if_needed: C:\Users\alexa\Documents\Euro Truck Simulator 2\profiles\4475706C69636174652074657374\profile.sii
[2026-01-03 15:54:22] Profil gefunden: C:\Users\alexa\Documents\Euro Truck Simulator 2\profiles\4475706C69636174652074657374 (Duplicate test)
[2026-01-03 15:54:22] decrypt_if_needed: C:\Users\alexa\Documents\Euro Truck Simulator 2\profiles\4C657473506C6179\profile.sii
[2026-01-03 15:54:22] Profil gefunden: C:\Users\alexa\Documents\Euro Truck Simulator 2\profiles\4C657473506C6179 (LetsPlay)
[2026-01-03 15:54:22] decrypt_if_needed: C:\Users\alexa\Documents\Euro Truck Simulator 2\profiles\4D4F442054657374204163636F756E74\profile.sii
[2026-01-03 15:54:22] Profil gefunden: C:\Users\alexa\Documents\Euro Truck Simulator 2\profiles\4D4F442054657374204163636F756E74 (MOD Test Account)
[2026-01-03 15:54:22] decrypt_if_needed: C:\Users\alexa\Documents\Euro Truck Simulator 2\profiles\546F6F6C2074657374\profile.sii
[2026-01-03 15:54:22] Profil gefunden: C:\Users\alexa\Documents\Euro Truck Simulator 2\profiles\546F6F6C2074657374 (Tool test)
[2026-01-03 15:54:22] decrypt_if_needed: C:\Users\alexa\Documents\Euro Truck Simulator 2\profiles\547275636B20546F6F6C2054657374\profile.sii
[2026-01-03 15:54:22] Profil gefunden: C:\Users\alexa\Documents\Euro Truck Simulator 2\profiles\547275636B20546F6F6C2054657374 (Truck Tool Test)
[2026-01-03 15:54:22] decrypt_if_needed: C:\Users\alexa\Documents\Euro Truck Simulator 2\profiles\547275636B6572734D50204E4555\profile.sii
[2026-01-03 15:54:22] Profil gefunden: C:\Users\alexa\Documents\Euro Truck Simulator 2\profiles\547275636B6572734D50204E4555 (TruckersMP NEU)
[2026-01-03 15:54:22] decrypt_if_needed: C:\Users\alexa\Documents\Euro Truck Simulator 2\profiles\5A65726F546F4865726F\profile.sii
[2026-01-03 15:54:22] Profil gefunden: C:\Users\alexa\Documents\Euro Truck Simulator 2\profiles\5A65726F546F4865726F (ZeroToHero)
[2026-01-03 15:54:22] decrypt_if_needed: C:\Users\alexa\Documents\Euro Truck Simulator 2\profiles\784465724C6965666572616E74\profile.sii
[2026-01-03 15:54:22] Profil gefunden: C:\Users\alexa\Documents\Euro Truck Simulator 2\profiles\784465724C6965666572616E74 (xDerLieferant)
[2026-01-03 15:54:22] Profil-Suche abgeschlossen. Gefunden: 11
[2026-01-03 15:54:22] Aktives Profil gesetzt & DecryptCache geleert: C:\Users\alexa\Documents\Euro Truck Simulator 2\profiles\5A65726F546F4865726F
[2026-01-03 15:54:22] Aktiver Save gesetzt: C:\Users\alexa\Documents\Euro Truck Simulator 2\profiles\5A65726F546F4865726F\save\quicksave\info.sii
[2026-01-03 15:54:22] Profil geladen: C:\Users\alexa\Documents\Euro Truck Simulator 2\profiles\5A65726F546F4865726F | Save: C:\Users\alexa\Documents\Euro Truck Simulator 2\profiles\5A65726F546F4865726F\save\quicksave\info.sii
[2026-01-03 15:54:22] decrypt_if_needed: C:\Users\alexa\Documents\Euro Truck Simulator 2\profiles\5A65726F546F4865726F\save\0\info.sii
[2026-01-03 15:54:22] decrypt_if_needed: C:\Users\alexa\Documents\Euro Truck Simulator 2\profiles\5A65726F546F4865726F\save\1\info.sii
[2026-01-03 15:54:22] decrypt_if_needed: C:\Users\alexa\Documents\Euro Truck Simulator 2\profiles\5A65726F546F4865726F\save\2\info.sii
[2026-01-03 15:54:22] decrypt_if_needed: C:\Users\alexa\Documents\Euro Truck Simulator 2\profiles\5A65726F546F4865726F\save\3\info.sii
[2026-01-03 15:54:22] decrypt_if_needed: C:\Users\alexa\Documents\Euro Truck Simulator 2\profiles\5A65726F546F4865726F\save\4\info.sii
[2026-01-03 15:54:22] decrypt_if_needed: C:\Users\alexa\Documents\Euro Truck Simulator 2\profiles\5A65726F546F4865726F\save\5\info.sii
[2026-01-03 15:54:22] decrypt_if_needed: C:\Users\alexa\Documents\Euro Truck Simulator 2\profiles\5A65726F546F4865726F\save\6\info.sii
[2026-01-03 15:54:22] decrypt_if_needed: C:\Users\alexa\Documents\Euro Truck Simulator 2\profiles\5A65726F546F4865726F\save\autosave\info.sii
[2026-01-03 15:54:22] decrypt_if_needed: C:\Users\alexa\Documents\Euro Truck Simulator 2\profiles\5A65726F546F4865726F\save\quicksave\info.sii
[2026-01-03 15:54:22] Lese globale Config
[2026-01-03 15:54:22] Gefundene Daten: max_convoy_size Some(128), traffic Some(1), developer Some(1), console Some(1)
[2026-01-03 15:54:22] Lese Config aus Profilpfad: C:\Users\alexa\Documents\Euro Truck Simulator 2\profiles\5A65726F546F4865726F
[2026-01-03 15:54:22] decrypt_if_needed: C:\Users\alexa\Documents\Euro Truck Simulator 2\profiles\5A65726F546F4865726F\config.cfg
[2026-01-03 15:54:22] Gefundene Daten: uset g_simple_parking_doubles Some(1)
[2026-01-03 15:55:01] Aktives Profil gesetzt & DecryptCache geleert: C:\Users\alexa\Documents\Euro Truck Simulator 2\profiles\5A65726F546F4865726F
[2026-01-03 15:55:01] Aktiver Save gesetzt: C:\Users\alexa\Documents\Euro Truck Simulator 2\profiles\5A65726F546F4865726F\save\quicksave\info.sii
[2026-01-03 15:55:01] Profil geladen: C:\Users\alexa\Documents\Euro Truck Simulator 2\profiles\5A65726F546F4865726F | Save: C:\Users\alexa\Documents\Euro Truck Simulator 2\profiles\5A65726F546F4865726F\save\quicksave\info.sii
[2026-01-03 15:55:02] decrypt_if_needed: C:\Users\alexa\Documents\Euro Truck Simulator 2\profiles\5A65726F546F4865726F\save\0\info.sii
[2026-01-03 15:55:02] decrypt_if_needed: C:\Users\alexa\Documents\Euro Truck Simulator 2\profiles\5A65726F546F4865726F\save\1\info.sii
[2026-01-03 15:55:02] decrypt_if_needed: C:\Users\alexa\Documents\Euro Truck Simulator 2\profiles\5A65726F546F4865726F\save\2\info.sii
[2026-01-03 15:55:02] decrypt_if_needed: C:\Users\alexa\Documents\Euro Truck Simulator 2\profiles\5A65726F546F4865726F\save\3\info.sii
[2026-01-03 15:55:02] decrypt_if_needed: C:\Users\alexa\Documents\Euro Truck Simulator 2\profiles\5A65726F546F4865726F\save\4\info.sii
[2026-01-03 15:55:02] decrypt_if_needed: C:\Users\alexa\Documents\Euro Truck Simulator 2\profiles\5A65726F546F4865726F\save\5\info.sii
[2026-01-03 15:55:02] decrypt_if_needed: C:\Users\alexa\Documents\Euro Truck Simulator 2\profiles\5A65726F546F4865726F\save\6\info.sii
[2026-01-03 15:55:02] decrypt_if_needed: C:\Users\alexa\Documents\Euro Truck Simulator 2\profiles\5A65726F546F4865726F\save\autosave\info.sii
[2026-01-03 15:55:02] decrypt_if_needed: C:\Users\alexa\Documents\Euro Truck Simulator 2\profiles\5A65726F546F4865726F\save\quicksave\info.sii
[2026-01-03 15:55:02] Lese globale Config
[2026-01-03 15:55:02] Gefundene Daten: max_convoy_size Some(128), traffic Some(1), developer Some(1), console Some(1)
[2026-01-03 15:55:02] Lese Config aus Profilpfad: C:\Users\alexa\Documents\Euro Truck Simulator 2\profiles\5A65726F546F4865726F
[2026-01-03 15:55:02] decrypt_if_needed: C:\Users\alexa\Documents\Euro Truck Simulator 2\profiles\5A65726F546F4865726F\config.cfg
[2026-01-03 15:55:02] Gefundene Daten: uset g_simple_parking_doubles Some(1)
[2026-01-03 15:55:02] Starte Profil-Suche…
[2026-01-03 15:55:02] decrypt_if_needed: C:\Users\alexa\Documents\Euro Truck Simulator 2\profiles\3132\profile.sii
[2026-01-03 15:55:02] Profil gefunden: C:\Users\alexa\Documents\Euro Truck Simulator 2\profiles\3132 (12)
[2026-01-03 15:55:02] decrypt_if_needed: C:\Users\alexa\Documents\Euro Truck Simulator 2\profiles\33302054616765204D422054455354\profile.sii
[2026-01-03 15:55:02] Profil gefunden: C:\Users\alexa\Documents\Euro Truck Simulator 2\profiles\33302054616765204D422054455354 (30 Tage MB TEST)
[2026-01-03 15:55:02] decrypt_if_needed: C:\Users\alexa\Documents\Euro Truck Simulator 2\profiles\44616E6765726F7573526F616473\profile.sii
[2026-01-03 15:55:02] Profil gefunden: C:\Users\alexa\Documents\Euro Truck Simulator 2\profiles\44616E6765726F7573526F616473 (DangerousRoads)
[2026-01-03 15:55:02] decrypt_if_needed: C:\Users\alexa\Documents\Euro Truck Simulator 2\profiles\4475706C69636174652074657374\profile.sii
[2026-01-03 15:55:02] Profil gefunden: C:\Users\alexa\Documents\Euro Truck Simulator 2\profiles\4475706C69636174652074657374 (Duplicate test)
[2026-01-03 15:55:02] decrypt_if_needed: C:\Users\alexa\Documents\Euro Truck Simulator 2\profiles\4C657473506C6179\profile.sii
[2026-01-03 15:55:02] Profil gefunden: C:\Users\alexa\Documents\Euro Truck Simulator 2\profiles\4C657473506C6179 (LetsPlay)
[2026-01-03 15:55:02] decrypt_if_needed: C:\Users\alexa\Documents\Euro Truck Simulator 2\profiles\4D4F442054657374204163636F756E74\profile.sii
[2026-01-03 15:55:02] Profil gefunden: C:\Users\alexa\Documents\Euro Truck Simulator 2\profiles\4D4F442054657374204163636F756E74 (MOD Test Account)
[2026-01-03 15:55:02] decrypt_if_needed: C:\Users\alexa\Documents\Euro Truck Simulator 2\profiles\546F6F6C2074657374\profile.sii
[2026-01-03 15:55:02] Profil gefunden: C:\Users\alexa\Documents\Euro Truck Simulator 2\profiles\546F6F6C2074657374 (Tool test)
[2026-01-03 15:55:02] decrypt_if_needed: C:\Users\alexa\Documents\Euro Truck Simulator 2\profiles\547275636B20546F6F6C2054657374\profile.sii
[2026-01-03 15:55:02] Profil gefunden: C:\Users\alexa\Documents\Euro Truck Simulator 2\profiles\547275636B20546F6F6C2054657374 (Truck Tool Test)
[2026-01-03 15:55:02] decrypt_if_needed: C:\Users\alexa\Documents\Euro Truck Simulator 2\profiles\547275636B6572734D50204E4555\profile.sii
[2026-01-03 15:55:02] Profil gefunden: C:\Users\alexa\Documents\Euro Truck Simulator 2\profiles\547275636B6572734D50204E4555 (TruckersMP NEU)
[2026-01-03 15:55:02] decrypt_if_needed: C:\Users\alexa\Documents\Euro Truck Simulator 2\profiles\5A65726F546F4865726F\profile.sii
[2026-01-03 15:55:02] Profil gefunden: C:\Users\alexa\Documents\Euro Truck Simulator 2\profiles\5A65726F546F4865726F (ZeroToHero)
[2026-01-03 15:55:02] decrypt_if_needed: C:\Users\alexa\Documents\Euro Truck Simulator 2\profiles\784465724C6965666572616E74\profile.sii
[2026-01-03 15:55:02] Profil gefunden: C:\Users\alexa\Documents\Euro Truck Simulator 2\profiles\784465724C6965666572616E74 (xDerLieferant)
[2026-01-03 15:55:02] Profil-Suche abgeschlossen. Gefunden: 11
[2026-01-03 15:55:02] Aktives Profil gesetzt & DecryptCache geleert: C:\Users\alexa\Documents\Euro Truck Simulator 2\profiles\5A65726F546F4865726F
[2026-01-03 15:55:02] Aktiver Save gesetzt: C:\Users\alexa\Documents\Euro Truck Simulator 2\profiles\5A65726F546F4865726F\save\quicksave\info.sii
[2026-01-03 15:55:02] Profil geladen: C:\Users\alexa\Documents\Euro Truck Simulator 2\profiles\5A65726F546F4865726F | Save: C:\Users\alexa\Documents\Euro Truck Simulator 2\profiles\5A65726F546F4865726F\save\quicksave\info.sii
[2026-01-03 15:55:02] decrypt_if_needed: C:\Users\alexa\Documents\Euro Truck Simulator 2\profiles\5A65726F546F4865726F\save\0\info.sii
[2026-01-03 15:55:02] decrypt_if_needed: C:\Users\alexa\Documents\Euro Truck Simulator 2\profiles\5A65726F546F4865726F\save\1\info.sii
[2026-01-03 15:55:02] decrypt_if_needed: C:\Users\alexa\Documents\Euro Truck Simulator 2\profiles\5A65726F546F4865726F\save\2\info.sii
[2026-01-03 15:55:02] decrypt_if_needed: C:\Users\alexa\Documents\Euro Truck Simulator 2\profiles\5A65726F546F4865726F\save\3\info.sii
[2026-01-03 15:55:02] decrypt_if_needed: C:\Users\alexa\Documents\Euro Truck Simulator 2\profiles\5A65726F546F4865726F\save\4\info.sii
[2026-01-03 15:55:02] decrypt_if_needed: C:\Users\alexa\Documents\Euro Truck Simulator 2\profiles\5A65726F546F4865726F\save\5\info.sii
[2026-01-03 15:55:02] decrypt_if_needed: C:\Users\alexa\Documents\Euro Truck Simulator 2\profiles\5A65726F546F4865726F\save\6\info.sii
[2026-01-03 15:55:02] decrypt_if_needed: C:\Users\alexa\Documents\Euro Truck Simulator 2\profiles\5A65726F546F4865726F\save\autosave\info.sii
[2026-01-03 15:55:02] decrypt_if_needed: C:\Users\alexa\Documents\Euro Truck Simulator 2\profiles\5A65726F546F4865726F\save\quicksave\info.sii
[2026-01-03 15:55:02] Lese globale Config
[2026-01-03 15:55:02] Gefundene Daten: max_convoy_size Some(128), traffic Some(1), developer Some(1), console Some(1)
[2026-01-03 15:55:02] Lese Config aus Profilpfad: C:\Users\alexa\Documents\Euro Truck Simulator 2\profiles\5A65726F546F4865726F
[2026-01-03 15:55:02] decrypt_if_needed: C:\Users\alexa\Documents\Euro Truck Simulator 2\profiles\5A65726F546F4865726F\config.cfg
[2026-01-03 15:55:02] Gefundene Daten: uset g_simple_parking_doubles Some(1)
[2026-01-05 00:08:55] Aktives Profil gesetzt & DecryptCache geleert: C:\Users\alexa\Documents\Euro Truck Simulator 2\profiles\5A65726F546F4865726F
[2026-01-05 00:08:55] Aktiver Save gesetzt: C:\Users\alexa\Documents\Euro Truck Simulator 2\profiles\5A65726F546F4865726F\save\quicksave\info.sii
[2026-01-05 00:08:55] Profil geladen: C:\Users\alexa\Documents\Euro Truck Simulator 2\profiles\5A65726F546F4865726F | Save: C:\Users\alexa\Documents\Euro Truck Simulator 2\profiles\5A65726F546F4865726F\save\quicksave\info.sii
[2026-01-05 00:08:55] decrypt_if_needed: C:\Users\alexa\Documents\Euro Truck Simulator 2\profiles\5A65726F546F4865726F\save\0\info.sii
[2026-01-05 00:08:55] decrypt_if_needed: C:\Users\alexa\Documents\Euro Truck Simulator 2\profiles\5A65726F546F4865726F\save\1\info.sii
[2026-01-05 00:08:55] decrypt_if_needed: C:\Users\alexa\Documents\Euro Truck Simulator 2\profiles\5A65726F546F4865726F\save\2\info.sii
[2026-01-05 00:08:55] decrypt_if_needed: C:\Users\alexa\Documents\Euro Truck Simulator 2\profiles\5A65726F546F4865726F\save\3\info.sii
[2026-01-05 00:08:55] decrypt_if_needed: C:\Users\alexa\Documents\Euro Truck Simulator 2\profiles\5A65726F546F4865726F\save\4\info.sii
[2026-01-05 00:08:55] decrypt_if_needed: C:\Users\alexa\Documents\Euro Truck Simulator 2\profiles\5A65726F546F4865726F\save\5\info.sii
[2026-01-05 00:08:55] decrypt_if_needed: C:\Users\alexa\Documents\Euro Truck Simulator 2\profiles\5A65726F546F4865726F\save\6\info.sii
[2026-01-05 00:08:55] decrypt_if_needed: C:\Users\alexa\Documents\Euro Truck Simulator 2\profiles\5A65726F546F4865726F\save\7\info.sii
[2026-01-05 00:08:55] decrypt_if_needed: C:\Users\alexa\Documents\Euro Truck Simulator 2\profiles\5A65726F546F4865726F\save\8\info.sii
[2026-01-05 00:08:55] decrypt_if_needed: C:\Users\alexa\Documents\Euro Truck Simulator 2\profiles\5A65726F546F4865726F\save\autosave\info.sii
[2026-01-05 00:08:55] decrypt_if_needed: C:\Users\alexa\Documents\Euro Truck Simulator 2\profiles\5A65726F546F4865726F\save\quicksave\info.sii
[2026-01-05 00:08:55] Lese globale Config
[2026-01-05 00:08:55] Gefundene Daten: max_convoy_size Some(128), traffic Some(1), developer Some(1), console Some(1)
[2026-01-05 00:08:55] Lese Config aus Profilpfad: C:\Users\alexa\Documents\Euro Truck Simulator 2\profiles\5A65726F546F4865726F
[2026-01-05 00:08:55] decrypt_if_needed: C:\Users\alexa\Documents\Euro Truck Simulator 2\profiles\5A65726F546F4865726F\config.cfg
[2026-01-05 00:08:55] Gefundene Daten: uset g_simple_parking_doubles Some(1)
[2026-01-05 00:08:55] Starte Profil-Suche…
[2026-01-05 00:08:55] decrypt_if_needed: C:\Users\alexa\Documents\Euro Truck Simulator 2\profiles\31\profile.sii
[2026-01-05 00:08:55] Profil gefunden: C:\Users\alexa\Documents\Euro Truck Simulator 2\profiles\31 (1)
[2026-01-05 00:08:55] decrypt_if_needed: C:\Users\alexa\Documents\Euro Truck Simulator 2\profiles\3132\profile.sii
[2026-01-05 00:08:55] Profil gefunden: C:\Users\alexa\Documents\Euro Truck Simulator 2\profiles\3132 (12)
[2026-01-05 00:08:55] decrypt_if_needed: C:\Users\alexa\Documents\Euro Truck Simulator 2\profiles\33\profile.sii
[2026-01-05 00:08:55] Profil gefunden: C:\Users\alexa\Documents\Euro Truck Simulator 2\profiles\33 (3)
[2026-01-05 00:08:55] decrypt_if_needed: C:\Users\alexa\Documents\Euro Truck Simulator 2\profiles\33302054616765204D422054455354\profile.sii
[2026-01-05 00:08:55] Profil gefunden: C:\Users\alexa\Documents\Euro Truck Simulator 2\profiles\33302054616765204D422054455354 (30 Tage MB TEST)
[2026-01-05 00:08:55] decrypt_if_needed: C:\Users\alexa\Documents\Euro Truck Simulator 2\profiles\34\profile.sii
[2026-01-05 00:08:55] Profil gefunden: C:\Users\alexa\Documents\Euro Truck Simulator 2\profiles\34 (4)
[2026-01-05 00:08:55] decrypt_if_needed: C:\Users\alexa\Documents\Euro Truck Simulator 2\profiles\44616E6765726F7573526F616473\profile.sii
[2026-01-05 00:08:55] Profil gefunden: C:\Users\alexa\Documents\Euro Truck Simulator 2\profiles\44616E6765726F7573526F616473 (DangerousRoads)
[2026-01-05 00:08:55] decrypt_if_needed: C:\Users\alexa\Documents\Euro Truck Simulator 2\profiles\4475706C69636174652074657374\profile.sii
[2026-01-05 00:08:55] Profil gefunden: C:\Users\alexa\Documents\Euro Truck Simulator 2\profiles\4475706C69636174652074657374 (Duplicate test)
[2026-01-05 00:08:55] decrypt_if_needed: C:\Users\alexa\Documents\Euro Truck Simulator 2\profiles\4C657473506C6179\profile.sii
[2026-01-05 00:08:56] Profil gefunden: C:\Users\alexa\Documents\Euro Truck Simulator 2\profiles\4C657473506C6179 (LetsPlay)
[2026-01-05 00:08:56] decrypt_if_needed: C:\Users\alexa\Documents\Euro Truck Simulator 2\profiles\4D4F442054657374204163636F756E74\profile.sii
[2026-01-05 00:08:56] Profil gefunden: C:\Users\alexa\Documents\Euro Truck Simulator 2\profiles\4D4F442054657374204163636F756E74 (MOD Test Account)
[2026-01-05 00:08:56] decrypt_if_needed: C:\Users\alexa\Documents\Euro Truck Simulator 2\profiles\546F6F6C2074657374\profile.sii
[2026-01-05 00:08:56] Profil gefunden: C:\Users\alexa\Documents\Euro Truck Simulator 2\profiles\546F6F6C2074657374 (Tool test)
[2026-01-05 00:08:56] decrypt_if_needed: C:\Users\alexa\Documents\Euro Truck Simulator 2\profiles\547275636B6572734D50204E4555\profile.sii
[2026-01-05 00:08:56] Profil gefunden: C:\Users\alexa\Documents\Euro Truck Simulator 2\profiles\547275636B6572734D50204E4555 (TruckersMP NEU)
[2026-01-05 00:08:56] decrypt_if_needed: C:\Users\alexa\Documents\Euro Truck Simulator 2\profiles\5A65726F546F4865726F\profile.sii
[2026-01-05 00:08:56] Profil gefunden: C:\Users\alexa\Documents\Euro Truck Simulator 2\profiles\5A65726F546F4865726F (ZeroToHero)
[2026-01-05 00:08:56] decrypt_if_needed: C:\Users\alexa\Documents\Euro Truck Simulator 2\profiles\784465724C6965666572616E74\profile.sii
[2026-01-05 00:08:56] Profil gefunden: C:\Users\alexa\Documents\Euro Truck Simulator 2\profiles\784465724C6965666572616E74 (xDerLieferant)
[2026-01-05 00:08:56] Profil-Suche abgeschlossen. Gefunden: 13
[2026-01-05 00:08:56] Aktives Profil gesetzt & DecryptCache geleert: C:\Users\alexa\Documents\Euro Truck Simulator 2\profiles\5A65726F546F4865726F
[2026-01-05 00:08:56] Aktiver Save gesetzt: C:\Users\alexa\Documents\Euro Truck Simulator 2\profiles\5A65726F546F4865726F\save\quicksave\info.sii
[2026-01-05 00:08:56] Profil geladen: C:\Users\alexa\Documents\Euro Truck Simulator 2\profiles\5A65726F546F4865726F | Save: C:\Users\alexa\Documents\Euro Truck Simulator 2\profiles\5A65726F546F4865726F\save\quicksave\info.sii
[2026-01-05 00:08:56] decrypt_if_needed: C:\Users\alexa\Documents\Euro Truck Simulator 2\profiles\5A65726F546F4865726F\save\0\info.sii
[2026-01-05 00:08:56] decrypt_if_needed: C:\Users\alexa\Documents\Euro Truck Simulator 2\profiles\5A65726F546F4865726F\save\1\info.sii
[2026-01-05 00:08:56] decrypt_if_needed: C:\Users\alexa\Documents\Euro Truck Simulator 2\profiles\5A65726F546F4865726F\save\2\info.sii
[2026-01-05 00:08:56] decrypt_if_needed: C:\Users\alexa\Documents\Euro Truck Simulator 2\profiles\5A65726F546F4865726F\save\3\info.sii
[2026-01-05 00:08:56] decrypt_if_needed: C:\Users\alexa\Documents\Euro Truck Simulator 2\profiles\5A65726F546F4865726F\save\4\info.sii
[2026-01-05 00:08:56] decrypt_if_needed: C:\Users\alexa\Documents\Euro Truck Simulator 2\profiles\5A65726F546F4865726F\save\5\info.sii
[2026-01-05 00:08:56] decrypt_if_needed: C:\Users\alexa\Documents\Euro Truck Simulator 2\profiles\5A65726F546F4865726F\save\6\info.sii
[2026-01-05 00:08:56] decrypt_if_needed: C:\Users\alexa\Documents\Euro Truck Simulator 2\profiles\5A65726F546F4865726F\save\7\info.sii
[2026-01-05 00:08:56] decrypt_if_needed: C:\Users\alexa\Documents\Euro Truck Simulator 2\profiles\5A65726F546F4865726F\save\8\info.sii
[2026-01-05 00:08:56] decrypt_if_needed: C:\Users\alexa\Documents\Euro Truck Simulator 2\profiles\5A65726F546F4865726F\save\autosave\info.sii
[2026-01-05 00:08:56] decrypt_if_needed: C:\Users\alexa\Documents\Euro Truck Simulator 2\profiles\5A65726F546F4865726F\save\quicksave\info.sii
[2026-01-05 00:08:56] Lese globale Config
[2026-01-05 00:08:56] Gefundene Daten: max_convoy_size Some(128), traffic Some(1), developer Some(1), console Some(1)
[2026-01-05 00:08:56] Lese Config aus Profilpfad: C:\Users\alexa\Documents\Euro Truck Simulator 2\profiles\5A65726F546F4865726F
[2026-01-05 00:08:56] decrypt_if_needed: C:\Users\alexa\Documents\Euro Truck Simulator 2\profiles\5A65726F546F4865726F\config.cfg
[2026-01-05 00:08:56] Gefundene Daten: uset g_simple_parking_doubles Some(1)
